&&&& RUNNING TensorRT.trtexec [TensorRT v100300] # trtexec --loadEngine=/home/yuanyang/models/resnet50_fp16.engine --warmUp=200 --duration=300 --useSpinWait
[02/23/2026-20:27:11] [I] === Model Options ===
[02/23/2026-20:27:11] [I] Format: *
[02/23/2026-20:27:11] [I] Model: 
[02/23/2026-20:27:11] [I] Output:
[02/23/2026-20:27:11] [I] 
[02/23/2026-20:27:11] [I] === System Options ===
[02/23/2026-20:27:11] [I] Device: 0
[02/23/2026-20:27:11] [I] DLACore: 
[02/23/2026-20:27:11] [I] Plugins:
[02/23/2026-20:27:11] [I] setPluginsToSerialize:
[02/23/2026-20:27:11] [I] dynamicPlugins:
[02/23/2026-20:27:11] [I] ignoreParsedPluginLibs: 0
[02/23/2026-20:27:11] [I] 
[02/23/2026-20:27:11] [I] === Inference Options ===
[02/23/2026-20:27:11] [I] Batch: Explicit
[02/23/2026-20:27:11] [I] Input inference shapes: model
[02/23/2026-20:27:11] [I] Iterations: 10
[02/23/2026-20:27:11] [I] Duration: 300s (+ 200ms warm up)
[02/23/2026-20:27:11] [I] Sleep time: 0ms
[02/23/2026-20:27:11] [I] Idle time: 0ms
[02/23/2026-20:27:11] [I] Inference Streams: 1
[02/23/2026-20:27:11] [I] ExposeDMA: Disabled
[02/23/2026-20:27:11] [I] Data transfers: Enabled
[02/23/2026-20:27:11] [I] Spin-wait: Enabled
[02/23/2026-20:27:11] [I] Multithreading: Disabled
[02/23/2026-20:27:11] [I] CUDA Graph: Disabled
[02/23/2026-20:27:11] [I] Separate profiling: Disabled
[02/23/2026-20:27:11] [I] Time Deserialize: Disabled
[02/23/2026-20:27:11] [I] Time Refit: Disabled
[02/23/2026-20:27:11] [I] NVTX verbosity: 0
[02/23/2026-20:27:11] [I] Persistent Cache Ratio: 0
[02/23/2026-20:27:11] [I] Optimization Profile Index: 0
[02/23/2026-20:27:11] [I] Weight Streaming Budget: 100.000000%
[02/23/2026-20:27:11] [I] Inputs:
[02/23/2026-20:27:11] [I] Debug Tensor Save Destinations:
[02/23/2026-20:27:11] [I] === Reporting Options ===
[02/23/2026-20:27:11] [I] Verbose: Disabled
[02/23/2026-20:27:11] [I] Averages: 10 inferences
[02/23/2026-20:27:11] [I] Percentiles: 90,95,99
[02/23/2026-20:27:11] [I] Dump refittable layers:Disabled
[02/23/2026-20:27:11] [I] Dump output: Disabled
[02/23/2026-20:27:11] [I] Profile: Disabled
[02/23/2026-20:27:11] [I] Export timing to JSON file: 
[02/23/2026-20:27:11] [I] Export output to JSON file: 
[02/23/2026-20:27:11] [I] Export profile to JSON file: 
[02/23/2026-20:27:11] [I] 
[02/23/2026-20:27:11] [I] === Device Information ===
[02/23/2026-20:27:11] [I] Available Devices: 
[02/23/2026-20:27:11] [I]   Device 0: "Orin" UUID: GPU-158fe06a-969b-59bf-bf6e-7fd93044f760
[02/23/2026-20:27:11] [I] Selected Device: Orin
[02/23/2026-20:27:11] [I] Selected Device ID: 0
[02/23/2026-20:27:11] [I] Selected Device UUID: GPU-158fe06a-969b-59bf-bf6e-7fd93044f760
[02/23/2026-20:27:11] [I] Compute Capability: 8.7
[02/23/2026-20:27:11] [I] SMs: 8
[02/23/2026-20:27:11] [I] Device Global Memory: 7620 MiB
[02/23/2026-20:27:11] [I] Shared Memory per SM: 164 KiB
[02/23/2026-20:27:11] [I] Memory Bus Width: 128 bits (ECC disabled)
[02/23/2026-20:27:11] [I] Application Compute Clock Rate: 1.02 GHz
[02/23/2026-20:27:11] [I] Application Memory Clock Rate: 1.02 GHz
[02/23/2026-20:27:11] [I] 
[02/23/2026-20:27:11] [I] Note: The application clock rates do not reflect the actual clock rates that the GPU is currently running at.
[02/23/2026-20:27:11] [I] 
[02/23/2026-20:27:11] [I] TensorRT version: 10.3.0
[02/23/2026-20:27:11] [I] Loading standard plugins
[02/23/2026-20:27:11] [I] [TRT] Loaded engine size: 49 MiB
[02/23/2026-20:27:11] [I] Engine deserialized in 0.103814 sec.
[02/23/2026-20:27:11] [I] [TRT] [MemUsageChange] TensorRT-managed allocation in IExecutionContext creation: CPU +0, GPU +4, now: CPU 0, GPU 52 (MiB)
[02/23/2026-20:27:11] [I] Setting persistentCacheLimit to 0 bytes.
[02/23/2026-20:27:11] [I] Created execution context with device memory size: 4.21094 MiB
[02/23/2026-20:27:11] [I] Using random values for input data
[02/23/2026-20:27:11] [I] Input binding for data with dimensions 1x3x224x224 is created.
[02/23/2026-20:27:11] [I] Output binding for resnetv24_dense0_fwd with dimensions 1x1000 is created.
[02/23/2026-20:27:11] [I] Starting inference
[02/23/2026-20:32:11] [I] Warmup completed 20 queries over 200 ms
[02/23/2026-20:32:11] [I] Timing trace has 105149 queries over 300.01 s
[02/23/2026-20:32:11] [I] 
[02/23/2026-20:32:11] [I] === Trace details ===
[02/23/2026-20:32:11] [I] Trace averages of 10 runs:
[02/23/2026-20:32:11] [I] Average on 10 runs - GPU latency: 3.19421 ms - Host latency: 3.24352 ms (enqueue 0.615283 ms)
[02/23/2026-20:32:11] [I] Average on 10 runs - GPU latency: 2.84614 ms - Host latency: 2.89364 ms (enqueue 0.604849 ms)
[02/23/2026-20:32:11] [I] Average on 10 runs - GPU latency: 2.85395 ms - Host latency: 2.90424 ms (enqueue 0.679144 ms)
[02/23/2026-20:32:11] [I] Average on 10 runs - GPU latency: 2.85405 ms - Host latency: 2.90764 ms (enqueue 0.654788 ms)
[02/23/2026-20:32:11] [I] Average on 10 runs - GPU latency: 2.84644 ms - Host latency: 2.89664 ms (enqueue 0.615982 ms)
[02/23/2026-20:32:11] [I] Average on 10 runs - GPU latency: 2.84499 ms - Host latency: 2.89646 ms (enqueue 0.605585 ms)
[02/23/2026-20:32:11] [I] Average on 10 runs - GPU latency: 2.84775 ms - Host latency: 2.90121 ms (enqueue 0.613245 ms)
[02/23/2026-20:32:11] [I] Average on 10 runs - GPU latency: 2.8439 ms - Host latency: 2.89448 ms (enqueue 0.597549 ms)
[02/23/2026-20:32:11] [I] Average on 10 runs - GPU latency: 2.84431 ms - Host latency: 2.89204 ms (enqueue 0.594 ms)
[02/23/2026-20:32:11] [I] Average on 10 runs - GPU latency: 2.84619 ms - Host latency: 2.89338 ms (enqueue 0.600232 ms)
[02/23/2026-20:32:11] [I] Average on 10 runs - GPU latency: 2.84691 ms - Host latency: 2.89812 ms (enqueue 0.654642 ms)
[02/23/2026-20:32:11] [I] Average on 10 runs - GPU latency: 2.84495 ms - Host latency: 2.8931 ms (enqueue 0.603033 ms)
[02/23/2026-20:32:11] [I] Average on 10 runs - GPU latency: 2.84457 ms - Host latency: 2.89156 ms (enqueue 0.595728 ms)
[02/23/2026-20:32:11] [I] Average on 10 runs - GPU latency: 2.85062 ms - Host latency: 2.8993 ms (enqueue 0.613477 ms)
[02/23/2026-20:32:11] [I] Average on 10 runs - GPU latency: 2.84986 ms - Host latency: 2.89769 ms (enqueue 0.615216 ms)
[02/23/2026-20:32:11] [I] Average on 10 runs - GPU latency: 2.84594 ms - Host latency: 2.89404 ms (enqueue 0.605457 ms)
[02/23/2026-20:32:11] [I] Average on 10 runs - GPU latency: 2.84635 ms - Host latency: 2.89449 ms (enqueue 0.59527 ms)
[02/23/2026-20:32:11] [I] Average on 10 runs - GPU latency: 2.84813 ms - Host latency: 2.89467 ms (enqueue 0.594708 ms)
[02/23/2026-20:32:11] [I] Average on 10 runs - GPU latency: 2.84846 ms - Host latency: 2.89677 ms (enqueue 0.612677 ms)
[02/23/2026-20:32:11] [I] Average on 10 runs - GPU latency: 2.8453 ms - Host latency: 2.89642 ms (enqueue 0.59837 ms)
[02/23/2026-20:32:11] [I] Average on 10 runs - GPU latency: 2.84518 ms - Host latency: 2.89138 ms (enqueue 0.601379 ms)
[02/23/2026-20:32:11] [I] Average on 10 runs - GPU latency: 2.84621 ms - Host latency: 2.89457 ms (enqueue 0.595013 ms)
[02/23/2026-20:32:11] [I] Average on 10 runs - GPU latency: 2.84642 ms - Host latency: 2.8945 ms (enqueue 0.602344 ms)
[02/23/2026-20:32:11] [I] Average on 10 runs - GPU latency: 2.84573 ms - Host latency: 2.89269 ms (enqueue 0.600519 ms)
[02/23/2026-20:32:11] [I] Average on 10 runs - GPU latency: 2.84488 ms - Host latency: 2.89337 ms (enqueue 0.594482 ms)
[02/23/2026-20:32:11] [I] Average on 10 runs - GPU latency: 2.85239 ms - Host latency: 2.89866 ms (enqueue 0.605579 ms)
[02/23/2026-20:32:11] [I] Average on 10 runs - GPU latency: 2.84581 ms - Host latency: 2.89526 ms (enqueue 0.600024 ms)
[02/23/2026-20:32:11] [I] Average on 10 runs - GPU latency: 2.84557 ms - Host latency: 2.89739 ms (enqueue 0.600769 ms)
[02/23/2026-20:32:11] [I] Average on 10 runs - GPU latency: 2.84596 ms - Host latency: 2.8936 ms (enqueue 0.599347 ms)
[02/23/2026-20:32:11] [I] Average on 10 runs - GPU latency: 2.85099 ms - Host latency: 2.89828 ms (enqueue 0.594702 ms)
[02/23/2026-20:32:11] [I] Average on 10 runs - GPU latency: 2.84535 ms - Host latency: 2.89392 ms (enqueue 0.610168 ms)
[02/23/2026-20:32:11] [I] Average on 10 runs - GPU latency: 2.84514 ms - Host latency: 2.89285 ms (enqueue 0.595471 ms)
[02/23/2026-20:32:11] [I] Average on 10 runs - GPU latency: 2.84396 ms - Host latency: 2.89374 ms (enqueue 0.597021 ms)
[02/23/2026-20:32:11] [I] Average on 10 runs - GPU latency: 2.84801 ms - Host latency: 2.89521 ms (enqueue 0.61709 ms)
[02/23/2026-20:32:11] [I] Average on 10 runs - GPU latency: 2.84552 ms - Host latency: 2.89506 ms (enqueue 0.595337 ms)
[02/23/2026-20:32:11] [I] Average on 10 runs - GPU latency: 2.84385 ms - Host latency: 2.89131 ms (enqueue 0.593701 ms)
[02/23/2026-20:32:11] [I] Average on 10 runs - GPU latency: 2.84509 ms - Host latency: 2.89208 ms (enqueue 0.59502 ms)
[02/23/2026-20:32:11] [I] Average on 10 runs - GPU latency: 2.84751 ms - Host latency: 2.89592 ms (enqueue 0.596985 ms)
[02/23/2026-20:32:11] [I] Average on 10 runs - GPU latency: 2.85251 ms - Host latency: 2.89991 ms (enqueue 0.595776 ms)
[02/23/2026-20:32:11] [I] Average on 10 runs - GPU latency: 2.84656 ms - Host latency: 2.89365 ms (enqueue 0.595935 ms)
[02/23/2026-20:32:11] [I] Average on 10 runs - GPU latency: 2.84907 ms - Host latency: 2.89656 ms (enqueue 0.603296 ms)
[02/23/2026-20:32:11] [I] Average on 10 runs - GPU latency: 2.84974 ms - Host latency: 2.89882 ms (enqueue 0.600488 ms)
[02/23/2026-20:32:11] [I] Average on 10 runs - GPU latency: 2.84462 ms - Host latency: 2.89288 ms (enqueue 0.598889 ms)
[02/23/2026-20:32:11] [I] Average on 10 runs - GPU latency: 2.84476 ms - Host latency: 2.89115 ms (enqueue 0.596472 ms)
[02/23/2026-20:32:11] [I] Average on 10 runs - GPU latency: 2.84679 ms - Host latency: 2.89489 ms (enqueue 0.601501 ms)
[02/23/2026-20:32:11] [I] Average on 10 runs - GPU latency: 2.84443 ms - Host latency: 2.89231 ms (enqueue 0.601697 ms)
[02/23/2026-20:32:11] [I] Average on 10 runs - GPU latency: 2.84546 ms - Host latency: 2.89266 ms (enqueue 0.596826 ms)
[02/23/2026-20:32:11] [I] Average on 10 runs - GPU latency: 2.84479 ms - Host latency: 2.89342 ms (enqueue 0.597571 ms)
[02/23/2026-20:32:11] [I] Average on 10 runs - GPU latency: 2.8475 ms - Host latency: 2.89426 ms (enqueue 0.596912 ms)
[02/23/2026-20:32:11] [I] Average on 10 runs - GPU latency: 2.84819 ms - Host latency: 2.89541 ms (enqueue 0.600903 ms)
[02/23/2026-20:32:11] [I] Average on 10 runs - GPU latency: 2.845 ms - Host latency: 2.89205 ms (enqueue 0.595239 ms)
[02/23/2026-20:32:11] [I] Average on 10 runs - GPU latency: 2.84414 ms - Host latency: 2.89244 ms (enqueue 0.594995 ms)
[02/23/2026-20:32:11] [I] Average on 10 runs - GPU latency: 2.84752 ms - Host latency: 2.89458 ms (enqueue 0.605237 ms)
[02/23/2026-20:32:11] [I] Average on 10 runs - GPU latency: 2.84672 ms - Host latency: 2.89519 ms (enqueue 0.602734 ms)
[02/23/2026-20:32:11] [I] Average on 10 runs - GPU latency: 2.84487 ms - Host latency: 2.89191 ms (enqueue 0.59165 ms)
[02/23/2026-20:32:11] [I] Average on 10 runs - GPU latency: 2.84717 ms - Host latency: 2.89628 ms (enqueue 0.593799 ms)
[02/23/2026-20:32:11] [I] Average on 10 runs - GPU latency: 2.84727 ms - Host latency: 2.89403 ms (enqueue 0.600598 ms)
[02/23/2026-20:32:11] [I] Average on 10 runs - GPU latency: 2.845 ms - Host latency: 2.8927 ms (enqueue 0.598267 ms)
[02/23/2026-20:32:11] [I] Average on 10 runs - GPU latency: 2.84655 ms - Host latency: 2.89302 ms (enqueue 0.592041 ms)
[02/23/2026-20:32:11] [I] Average on 10 runs - GPU latency: 2.84474 ms - Host latency: 2.89137 ms (enqueue 0.599414 ms)
[02/23/2026-20:32:11] [I] Average on 10 runs - GPU latency: 2.84703 ms - Host latency: 2.89468 ms (enqueue 0.597021 ms)
[02/23/2026-20:32:11] [I] Average on 10 runs - GPU latency: 2.8448 ms - Host latency: 2.89177 ms (enqueue 0.602917 ms)
[02/23/2026-20:32:11] [I] Average on 10 runs - GPU latency: 2.84608 ms - Host latency: 2.89244 ms (enqueue 0.59613 ms)
[02/23/2026-20:32:11] [I] Average on 10 runs - GPU latency: 2.84655 ms - Host latency: 2.89393 ms (enqueue 0.595752 ms)
[02/23/2026-20:32:11] [I] Average on 10 runs - GPU latency: 2.84978 ms - Host latency: 2.89888 ms (enqueue 0.598291 ms)
[02/23/2026-20:32:11] [I] Average on 10 runs - GPU latency: 2.8458 ms - Host latency: 2.89287 ms (enqueue 0.599731 ms)
[02/23/2026-20:32:11] [I] Average on 10 runs - GPU latency: 2.84385 ms - Host latency: 2.89143 ms (enqueue 0.59082 ms)
[02/23/2026-20:32:11] [I] Average on 10 runs - GPU latency: 2.84744 ms - Host latency: 2.8946 ms (enqueue 0.598926 ms)
[02/23/2026-20:32:11] [I] Average on 10 runs - GPU latency: 2.84812 ms - Host latency: 2.89656 ms (enqueue 0.611304 ms)
[02/23/2026-20:32:11] [I] Average on 10 runs - GPU latency: 2.84512 ms - Host latency: 2.89236 ms (enqueue 0.600464 ms)
[02/23/2026-20:32:11] [I] Average on 10 runs - GPU latency: 2.84492 ms - Host latency: 2.89119 ms (enqueue 0.593213 ms)
[02/23/2026-20:32:11] [I] Average on 10 runs - GPU latency: 2.84685 ms - Host latency: 2.895 ms (enqueue 0.592773 ms)
[02/23/2026-20:32:11] [I] Average on 10 runs - GPU latency: 2.84878 ms - Host latency: 2.8957 ms (enqueue 0.596997 ms)
[02/23/2026-20:32:11] [I] Average on 10 runs - GPU latency: 2.84534 ms - Host latency: 2.89285 ms (enqueue 0.603687 ms)
[02/23/2026-20:32:11] [I] Average on 10 runs - GPU latency: 2.85071 ms - Host latency: 2.89929 ms (enqueue 0.60105 ms)
[02/23/2026-20:32:11] [I] Average on 10 runs - GPU latency: 2.85017 ms - Host latency: 2.89756 ms (enqueue 0.608374 ms)
[02/23/2026-20:32:11] [I] Average on 10 runs - GPU latency: 2.84922 ms - Host latency: 2.89817 ms (enqueue 0.601147 ms)
[02/23/2026-20:32:11] [I] Average on 10 runs - GPU latency: 2.84663 ms - Host latency: 2.89312 ms (enqueue 0.603589 ms)
[02/23/2026-20:32:11] [I] Average on 10 runs - GPU latency: 2.84541 ms - Host latency: 2.8926 ms (enqueue 0.59397 ms)
[02/23/2026-20:32:11] [I] Average on 10 runs - GPU latency: 2.84941 ms - Host latency: 2.89736 ms (enqueue 0.595166 ms)
[02/23/2026-20:32:11] [I] Average on 10 runs - GPU latency: 2.84456 ms - Host latency: 2.89407 ms (enqueue 0.597705 ms)
[02/23/2026-20:32:11] [I] Average on 10 runs - GPU latency: 2.84502 ms - Host latency: 2.89224 ms (enqueue 0.602344 ms)
[02/23/2026-20:32:11] [I] Average on 10 runs - GPU latency: 2.84419 ms - Host latency: 2.8916 ms (enqueue 0.595654 ms)
[02/23/2026-20:32:11] [I] Average on 10 runs - GPU latency: 2.84771 ms - Host latency: 2.89397 ms (enqueue 0.621289 ms)
[02/23/2026-20:32:11] [I] Average on 10 runs - GPU latency: 2.84639 ms - Host latency: 2.89458 ms (enqueue 0.595776 ms)
[02/23/2026-20:32:11] [I] Average on 10 runs - GPU latency: 2.8457 ms - Host latency: 2.89114 ms (enqueue 0.590479 ms)
[02/23/2026-20:32:11] [I] Average on 10 runs - GPU latency: 2.84453 ms - Host latency: 2.89329 ms (enqueue 0.59563 ms)
[02/23/2026-20:32:11] [I] Average on 10 runs - GPU latency: 2.848 ms - Host latency: 2.89546 ms (enqueue 0.602881 ms)
[02/23/2026-20:32:11] [I] Average on 10 runs - GPU latency: 2.84646 ms - Host latency: 2.89351 ms (enqueue 0.593481 ms)
[02/23/2026-20:32:11] [I] Average on 10 runs - GPU latency: 2.84507 ms - Host latency: 2.89214 ms (enqueue 0.605225 ms)
[02/23/2026-20:32:11] [I] Average on 10 runs - GPU latency: 2.8429 ms - Host latency: 2.89048 ms (enqueue 0.591235 ms)
[02/23/2026-20:32:11] [I] Average on 10 runs - GPU latency: 2.84707 ms - Host latency: 2.89551 ms (enqueue 0.600903 ms)
[02/23/2026-20:32:11] [I] Average on 10 runs - GPU latency: 2.84512 ms - Host latency: 2.89451 ms (enqueue 0.599048 ms)
[02/23/2026-20:32:11] [I] Average on 10 runs - GPU latency: 2.84216 ms - Host latency: 2.88933 ms (enqueue 0.589941 ms)
[02/23/2026-20:32:11] [I] Average on 10 runs - GPU latency: 2.84788 ms - Host latency: 2.89536 ms (enqueue 0.593262 ms)
[02/23/2026-20:32:11] [I] Average on 10 runs - GPU latency: 2.845 ms - Host latency: 2.89255 ms (enqueue 0.594678 ms)
[02/23/2026-20:32:11] [I] Average on 10 runs - GPU latency: 2.84648 ms - Host latency: 2.89426 ms (enqueue 0.592261 ms)
[02/23/2026-20:32:11] [I] Average on 10 runs - GPU latency: 2.84414 ms - Host latency: 2.89001 ms (enqueue 0.589404 ms)
[02/23/2026-20:32:11] [I] Average on 10 runs - GPU latency: 2.84465 ms - Host latency: 2.89104 ms (enqueue 0.593726 ms)
[02/23/2026-20:32:11] [I] Average on 10 runs - GPU latency: 2.84626 ms - Host latency: 2.89392 ms (enqueue 0.590527 ms)
[02/23/2026-20:32:11] [I] Average on 10 runs - GPU latency: 2.84636 ms - Host latency: 2.89236 ms (enqueue 0.592822 ms)
[02/23/2026-20:32:11] [I] Average on 10 runs - GPU latency: 2.84424 ms - Host latency: 2.89172 ms (enqueue 0.588794 ms)
[02/23/2026-20:32:11] [I] Average on 10 runs - GPU latency: 2.84519 ms - Host latency: 2.89353 ms (enqueue 0.591699 ms)
[02/23/2026-20:32:11] [I] Average on 10 runs - GPU latency: 2.84614 ms - Host latency: 2.89268 ms (enqueue 0.59812 ms)
[02/23/2026-20:32:11] [I] Average on 10 runs - GPU latency: 2.84558 ms - Host latency: 2.89128 ms (enqueue 0.593115 ms)
[02/23/2026-20:32:11] [I] Average on 10 runs - GPU latency: 2.84412 ms - Host latency: 2.89045 ms (enqueue 0.587891 ms)
[02/23/2026-20:32:11] [I] Average on 10 runs - GPU latency: 2.84609 ms - Host latency: 2.89248 ms (enqueue 0.594385 ms)
[02/23/2026-20:32:11] [I] Average on 10 runs - GPU latency: 2.84683 ms - Host latency: 2.89373 ms (enqueue 0.593555 ms)
[02/23/2026-20:32:11] [I] Average on 10 runs - GPU latency: 2.84678 ms - Host latency: 2.89348 ms (enqueue 0.587695 ms)
[02/23/2026-20:32:11] [I] Average on 10 runs - GPU latency: 2.85193 ms - Host latency: 2.89929 ms (enqueue 0.592358 ms)
[02/23/2026-20:32:11] [I] Average on 10 runs - GPU latency: 2.84873 ms - Host latency: 2.89614 ms (enqueue 0.597437 ms)
[02/23/2026-20:32:11] [I] Average on 10 runs - GPU latency: 2.84839 ms - Host latency: 2.89446 ms (enqueue 0.606104 ms)
[02/23/2026-20:32:11] [I] Average on 10 runs - GPU latency: 2.84563 ms - Host latency: 2.89404 ms (enqueue 0.589258 ms)
[02/23/2026-20:32:11] [I] Average on 10 runs - GPU latency: 2.847 ms - Host latency: 2.89414 ms (enqueue 0.592163 ms)
[02/23/2026-20:32:11] [I] Average on 10 runs - GPU latency: 2.85066 ms - Host latency: 2.89741 ms (enqueue 0.593579 ms)
[02/23/2026-20:32:11] [I] Average on 10 runs - GPU latency: 2.84734 ms - Host latency: 2.89543 ms (enqueue 0.594312 ms)
[02/23/2026-20:32:11] [I] Average on 10 runs - GPU latency: 2.84375 ms - Host latency: 2.89094 ms (enqueue 0.589087 ms)
[02/23/2026-20:32:11] [I] Average on 10 runs - GPU latency: 2.84634 ms - Host latency: 2.89451 ms (enqueue 0.599146 ms)
[02/23/2026-20:32:11] [I] Average on 10 runs - GPU latency: 2.85098 ms - Host latency: 2.89814 ms (enqueue 0.616113 ms)
[02/23/2026-20:32:11] [I] Average on 10 runs - GPU latency: 2.84492 ms - Host latency: 2.89321 ms (enqueue 0.60332 ms)
[02/23/2026-20:32:11] [I] Average on 10 runs - GPU latency: 2.84761 ms - Host latency: 2.89492 ms (enqueue 0.59541 ms)
[02/23/2026-20:32:11] [I] Average on 10 runs - GPU latency: 2.84546 ms - Host latency: 2.89204 ms (enqueue 0.599072 ms)
[02/23/2026-20:32:11] [I] Average on 10 runs - GPU latency: 2.84734 ms - Host latency: 2.89355 ms (enqueue 0.59978 ms)
[02/23/2026-20:32:11] [I] Average on 10 runs - GPU latency: 2.84744 ms - Host latency: 2.8948 ms (enqueue 0.59021 ms)
[02/23/2026-20:32:11] [I] Average on 10 runs - GPU latency: 2.84509 ms - Host latency: 2.89385 ms (enqueue 0.595361 ms)
[02/23/2026-20:32:11] [I] Average on 10 runs - GPU latency: 2.84346 ms - Host latency: 2.89133 ms (enqueue 0.592554 ms)
[02/23/2026-20:32:11] [I] Average on 10 runs - GPU latency: 2.8479 ms - Host latency: 2.89487 ms (enqueue 0.596167 ms)
[02/23/2026-20:32:11] [I] Average on 10 runs - GPU latency: 2.84646 ms - Host latency: 2.89358 ms (enqueue 0.596338 ms)
[02/23/2026-20:32:11] [I] Average on 10 runs - GPU latency: 2.84504 ms - Host latency: 2.89263 ms (enqueue 0.591064 ms)
[02/23/2026-20:32:11] [I] Average on 10 runs - GPU latency: 2.84661 ms - Host latency: 2.89465 ms (enqueue 0.586694 ms)
[02/23/2026-20:32:11] [I] Average on 10 runs - GPU latency: 2.84968 ms - Host latency: 2.89934 ms (enqueue 0.592651 ms)
[02/23/2026-20:32:11] [I] Average on 10 runs - GPU latency: 2.84534 ms - Host latency: 2.8918 ms (enqueue 0.599951 ms)
[02/23/2026-20:32:11] [I] Average on 10 runs - GPU latency: 2.84333 ms - Host latency: 2.88909 ms (enqueue 0.594531 ms)
[02/23/2026-20:32:11] [I] Average on 10 runs - GPU latency: 2.84729 ms - Host latency: 2.89587 ms (enqueue 0.606396 ms)
[02/23/2026-20:32:11] [I] Average on 10 runs - GPU latency: 2.84675 ms - Host latency: 2.89568 ms (enqueue 0.593237 ms)
[02/23/2026-20:32:11] [I] Average on 10 runs - GPU latency: 2.84707 ms - Host latency: 2.89512 ms (enqueue 0.589111 ms)
[02/23/2026-20:32:11] [I] Average on 10 runs - GPU latency: 2.84631 ms - Host latency: 2.8949 ms (enqueue 0.593115 ms)
[02/23/2026-20:32:11] [I] Average on 10 runs - GPU latency: 2.85024 ms - Host latency: 2.89766 ms (enqueue 0.589746 ms)
[02/23/2026-20:32:11] [I] Average on 10 runs - GPU latency: 2.84756 ms - Host latency: 2.89458 ms (enqueue 0.594238 ms)
[02/23/2026-20:32:11] [I] Average on 10 runs - GPU latency: 2.84497 ms - Host latency: 2.89399 ms (enqueue 0.59502 ms)
[02/23/2026-20:32:11] [I] Average on 10 runs - GPU latency: 2.84478 ms - Host latency: 2.89297 ms (enqueue 0.589893 ms)
[02/23/2026-20:32:11] [I] Average on 10 runs - GPU latency: 2.846 ms - Host latency: 2.89258 ms (enqueue 0.596387 ms)
[02/23/2026-20:32:11] [I] Average on 10 runs - GPU latency: 2.84702 ms - Host latency: 2.89512 ms (enqueue 0.596143 ms)
[02/23/2026-20:32:11] [I] Average on 10 runs - GPU latency: 2.84683 ms - Host latency: 2.89434 ms (enqueue 0.597754 ms)
[02/23/2026-20:32:11] [I] Average on 10 runs - GPU latency: 2.84883 ms - Host latency: 2.89624 ms (enqueue 0.597021 ms)
[02/23/2026-20:32:11] [I] Average on 10 runs - GPU latency: 2.85205 ms - Host latency: 2.89956 ms (enqueue 0.59082 ms)
[02/23/2026-20:32:11] [I] Average on 10 runs - GPU latency: 2.84658 ms - Host latency: 2.89468 ms (enqueue 0.595605 ms)
[02/23/2026-20:32:11] [I] Average on 10 runs - GPU latency: 2.84678 ms - Host latency: 2.89453 ms (enqueue 0.591113 ms)
[02/23/2026-20:32:11] [I] Average on 10 runs - GPU latency: 2.84541 ms - Host latency: 2.89253 ms (enqueue 0.589307 ms)
[02/23/2026-20:32:11] [I] Average on 10 runs - GPU latency: 2.84858 ms - Host latency: 2.89507 ms (enqueue 0.594922 ms)
[02/23/2026-20:32:11] [I] Average on 10 runs - GPU latency: 2.84639 ms - Host latency: 2.89497 ms (enqueue 0.587012 ms)
[02/23/2026-20:32:11] [I] Average on 10 runs - GPU latency: 2.84687 ms - Host latency: 2.89409 ms (enqueue 0.582422 ms)
[02/23/2026-20:32:11] [I] Average on 10 runs - GPU latency: 2.84502 ms - Host latency: 2.89194 ms (enqueue 0.595996 ms)
[02/23/2026-20:32:11] [I] Average on 10 runs - GPU latency: 2.84712 ms - Host latency: 2.89502 ms (enqueue 0.586816 ms)
[02/23/2026-20:32:11] [I] Average on 10 runs - GPU latency: 2.84731 ms - Host latency: 2.89414 ms (enqueue 0.587646 ms)
[02/23/2026-20:32:11] [I] Average on 10 runs - GPU latency: 2.84561 ms - Host latency: 2.89253 ms (enqueue 0.594531 ms)
[02/23/2026-20:32:11] [I] Average on 10 runs - GPU latency: 2.84795 ms - Host latency: 2.89448 ms (enqueue 0.587744 ms)
[02/23/2026-20:32:11] [I] Average on 10 runs - GPU latency: 2.84658 ms - Host latency: 2.89409 ms (enqueue 0.59082 ms)
[02/23/2026-20:32:11] [I] Average on 10 runs - GPU latency: 2.84814 ms - Host latency: 2.8939 ms (enqueue 0.592578 ms)
[02/23/2026-20:32:11] [I] Average on 10 runs - GPU latency: 2.84653 ms - Host latency: 2.89551 ms (enqueue 0.586816 ms)
[02/23/2026-20:32:11] [I] Average on 10 runs - GPU latency: 2.84585 ms - Host latency: 2.89443 ms (enqueue 0.599902 ms)
[02/23/2026-20:32:11] [I] Average on 10 runs - GPU latency: 2.84893 ms - Host latency: 2.89512 ms (enqueue 0.593701 ms)
[02/23/2026-20:32:11] [I] Average on 10 runs - GPU latency: 2.84585 ms - Host latency: 2.89194 ms (enqueue 0.593603 ms)
[02/23/2026-20:32:11] [I] Average on 10 runs - GPU latency: 2.84355 ms - Host latency: 2.89131 ms (enqueue 0.595801 ms)
[02/23/2026-20:32:11] [I] Average on 10 runs - GPU latency: 2.84565 ms - Host latency: 2.89253 ms (enqueue 0.593213 ms)
[02/23/2026-20:32:11] [I] Average on 10 runs - GPU latency: 2.85391 ms - Host latency: 2.90308 ms (enqueue 0.591846 ms)
[02/23/2026-20:32:11] [I] Average on 10 runs - GPU latency: 2.84492 ms - Host latency: 2.89136 ms (enqueue 0.598096 ms)
[02/23/2026-20:32:11] [I] Average on 10 runs - GPU latency: 2.84624 ms - Host latency: 2.89312 ms (enqueue 0.588086 ms)
[02/23/2026-20:32:11] [I] Average on 10 runs - GPU latency: 2.84976 ms - Host latency: 2.89702 ms (enqueue 0.596777 ms)
[02/23/2026-20:32:11] [I] Average on 10 runs - GPU latency: 2.84614 ms - Host latency: 2.89219 ms (enqueue 0.589844 ms)
[02/23/2026-20:32:11] [I] Average on 10 runs - GPU latency: 2.84536 ms - Host latency: 2.89277 ms (enqueue 0.585742 ms)
[02/23/2026-20:32:11] [I] Average on 10 runs - GPU latency: 2.84556 ms - Host latency: 2.89321 ms (enqueue 0.58623 ms)
[02/23/2026-20:32:11] [I] Average on 10 runs - GPU latency: 2.84605 ms - Host latency: 2.89263 ms (enqueue 0.594482 ms)
[02/23/2026-20:32:11] [I] Average on 10 runs - GPU latency: 2.84707 ms - Host latency: 2.89414 ms (enqueue 0.588818 ms)
[02/23/2026-20:32:11] [I] Average on 10 runs - GPU latency: 2.84687 ms - Host latency: 2.89399 ms (enqueue 0.593262 ms)
[02/23/2026-20:32:11] [I] Average on 10 runs - GPU latency: 2.84531 ms - Host latency: 2.89355 ms (enqueue 0.590381 ms)
[02/23/2026-20:32:11] [I] Average on 10 runs - GPU latency: 2.848 ms - Host latency: 2.89614 ms (enqueue 0.590332 ms)
[02/23/2026-20:32:11] [I] Average on 10 runs - GPU latency: 2.8439 ms - Host latency: 2.8916 ms (enqueue 0.589502 ms)
[02/23/2026-20:32:11] [I] Average on 10 runs - GPU latency: 2.84355 ms - Host latency: 2.89111 ms (enqueue 0.587793 ms)
[02/23/2026-20:32:11] [I] Average on 10 runs - GPU latency: 2.84634 ms - Host latency: 2.89209 ms (enqueue 0.585889 ms)
[02/23/2026-20:32:11] [I] Average on 10 runs - GPU latency: 2.8543 ms - Host latency: 2.90103 ms (enqueue 0.591113 ms)
[02/23/2026-20:32:11] [I] Average on 10 runs - GPU latency: 2.84702 ms - Host latency: 2.89585 ms (enqueue 0.595996 ms)
[02/23/2026-20:32:11] [I] Average on 10 runs - GPU latency: 2.84556 ms - Host latency: 2.89277 ms (enqueue 0.597949 ms)
[02/23/2026-20:32:11] [I] Average on 10 runs - GPU latency: 2.84551 ms - Host latency: 2.89312 ms (enqueue 0.592871 ms)
[02/23/2026-20:32:11] [I] Average on 10 runs - GPU latency: 2.8478 ms - Host latency: 2.89585 ms (enqueue 0.594678 ms)
[02/23/2026-20:32:11] [I] Average on 10 runs - GPU latency: 2.84756 ms - Host latency: 2.89658 ms (enqueue 0.591162 ms)
[02/23/2026-20:32:11] [I] Average on 10 runs - GPU latency: 2.84355 ms - Host latency: 2.89097 ms (enqueue 0.589258 ms)
[02/23/2026-20:32:11] [I] Average on 10 runs - GPU latency: 2.84512 ms - Host latency: 2.89307 ms (enqueue 0.590625 ms)
[02/23/2026-20:32:11] [I] Average on 10 runs - GPU latency: 2.85508 ms - Host latency: 2.90195 ms (enqueue 0.598779 ms)
[02/23/2026-20:32:11] [I] Average on 10 runs - GPU latency: 2.8459 ms - Host latency: 2.89414 ms (enqueue 0.58877 ms)
[02/23/2026-20:32:11] [I] Average on 10 runs - GPU latency: 2.84736 ms - Host latency: 2.89507 ms (enqueue 0.591406 ms)
[02/23/2026-20:32:11] [I] Average on 10 runs - GPU latency: 2.84556 ms - Host latency: 2.89429 ms (enqueue 0.591748 ms)
[02/23/2026-20:32:11] [I] Average on 10 runs - GPU latency: 2.84951 ms - Host latency: 2.89795 ms (enqueue 0.596436 ms)
[02/23/2026-20:32:11] [I] Average on 10 runs - GPU latency: 2.84595 ms - Host latency: 2.8936 ms (enqueue 0.587842 ms)
[02/23/2026-20:32:11] [I] Average on 10 runs - GPU latency: 2.84419 ms - Host latency: 2.8918 ms (enqueue 0.59126 ms)
[02/23/2026-20:32:11] [I] Average on 10 runs - GPU latency: 2.84526 ms - Host latency: 2.8916 ms (enqueue 0.588379 ms)
[02/23/2026-20:32:11] [I] Average on 10 runs - GPU latency: 2.8478 ms - Host latency: 2.8959 ms (enqueue 0.601855 ms)
[02/23/2026-20:32:11] [I] Average on 10 runs - GPU latency: 2.84429 ms - Host latency: 2.89111 ms (enqueue 0.590625 ms)
[02/23/2026-20:32:11] [I] Average on 10 runs - GPU latency: 2.84365 ms - Host latency: 2.8918 ms (enqueue 0.58501 ms)
[02/23/2026-20:32:11] [I] Average on 10 runs - GPU latency: 2.8458 ms - Host latency: 2.89429 ms (enqueue 0.594043 ms)
[02/23/2026-20:32:11] [I] ... Omitting 101149 lines
[02/23/2026-20:32:11] [I] Average on 10 runs - GPU latency: 2.85625 ms - Host latency: 2.90313 ms (enqueue 0.6 ms)
[02/23/2026-20:32:11] [I] Average on 10 runs - GPU latency: 2.85313 ms - Host latency: 2.90313 ms (enqueue 0.6 ms)
[02/23/2026-20:32:11] [I] Average on 10 runs - GPU latency: 2.85 ms - Host latency: 2.89687 ms (enqueue 0.6 ms)
[02/23/2026-20:32:11] [I] Average on 10 runs - GPU latency: 2.85625 ms - Host latency: 2.90937 ms (enqueue 0.59375 ms)
[02/23/2026-20:32:11] [I] Average on 10 runs - GPU latency: 2.84687 ms - Host latency: 2.88125 ms (enqueue 0.5875 ms)
[02/23/2026-20:32:11] [I] Average on 10 runs - GPU latency: 2.85313 ms - Host latency: 2.90313 ms (enqueue 0.596875 ms)
[02/23/2026-20:32:11] [I] Average on 10 runs - GPU latency: 2.85313 ms - Host latency: 2.89375 ms (enqueue 0.59375 ms)
[02/23/2026-20:32:11] [I] Average on 10 runs - GPU latency: 2.85313 ms - Host latency: 2.9 ms (enqueue 0.59375 ms)
[02/23/2026-20:32:11] [I] Average on 10 runs - GPU latency: 2.85 ms - Host latency: 2.89375 ms (enqueue 0.6 ms)
[02/23/2026-20:32:11] [I] Average on 10 runs - GPU latency: 2.85 ms - Host latency: 2.89687 ms (enqueue 0.596875 ms)
[02/23/2026-20:32:11] [I] Average on 10 runs - GPU latency: 2.84375 ms - Host latency: 2.8875 ms (enqueue 0.6 ms)
[02/23/2026-20:32:11] [I] Average on 10 runs - GPU latency: 2.85 ms - Host latency: 2.89375 ms (enqueue 0.596875 ms)
[02/23/2026-20:32:11] [I] Average on 10 runs - GPU latency: 2.85313 ms - Host latency: 2.90313 ms (enqueue 0.596875 ms)
[02/23/2026-20:32:11] [I] Average on 10 runs - GPU latency: 2.85 ms - Host latency: 2.90313 ms (enqueue 0.5875 ms)
[02/23/2026-20:32:11] [I] Average on 10 runs - GPU latency: 2.85313 ms - Host latency: 2.9 ms (enqueue 0.60625 ms)
[02/23/2026-20:32:11] [I] Average on 10 runs - GPU latency: 2.85313 ms - Host latency: 2.89687 ms (enqueue 0.60625 ms)
[02/23/2026-20:32:11] [I] Average on 10 runs - GPU latency: 2.85 ms - Host latency: 2.89062 ms (enqueue 0.60625 ms)
[02/23/2026-20:32:11] [I] Average on 10 runs - GPU latency: 2.85313 ms - Host latency: 2.89687 ms (enqueue 0.6 ms)
[02/23/2026-20:32:11] [I] Average on 10 runs - GPU latency: 2.85313 ms - Host latency: 2.89687 ms (enqueue 0.596875 ms)
[02/23/2026-20:32:11] [I] Average on 10 runs - GPU latency: 2.85625 ms - Host latency: 2.90625 ms (enqueue 0.6 ms)
[02/23/2026-20:32:11] [I] Average on 10 runs - GPU latency: 2.85313 ms - Host latency: 2.90625 ms (enqueue 0.603125 ms)
[02/23/2026-20:32:11] [I] Average on 10 runs - GPU latency: 2.85313 ms - Host latency: 2.89687 ms (enqueue 0.60625 ms)
[02/23/2026-20:32:11] [I] Average on 10 runs - GPU latency: 2.85313 ms - Host latency: 2.90313 ms (enqueue 0.59375 ms)
[02/23/2026-20:32:11] [I] Average on 10 runs - GPU latency: 2.85625 ms - Host latency: 2.89687 ms (enqueue 0.603125 ms)
[02/23/2026-20:32:11] [I] Average on 10 runs - GPU latency: 2.85313 ms - Host latency: 2.90625 ms (enqueue 0.60625 ms)
[02/23/2026-20:32:11] [I] Average on 10 runs - GPU latency: 2.85313 ms - Host latency: 2.90313 ms (enqueue 0.6 ms)
[02/23/2026-20:32:11] [I] Average on 10 runs - GPU latency: 2.84687 ms - Host latency: 2.89375 ms (enqueue 0.6125 ms)
[02/23/2026-20:32:11] [I] Average on 10 runs - GPU latency: 2.85313 ms - Host latency: 2.90313 ms (enqueue 0.590625 ms)
[02/23/2026-20:32:11] [I] Average on 10 runs - GPU latency: 2.85 ms - Host latency: 2.89687 ms (enqueue 0.603125 ms)
[02/23/2026-20:32:11] [I] Average on 10 runs - GPU latency: 2.85313 ms - Host latency: 2.90625 ms (enqueue 0.603125 ms)
[02/23/2026-20:32:11] [I] Average on 10 runs - GPU latency: 2.85 ms - Host latency: 2.89687 ms (enqueue 0.596875 ms)
[02/23/2026-20:32:11] [I] Average on 10 runs - GPU latency: 2.8625 ms - Host latency: 2.9 ms (enqueue 0.590625 ms)
[02/23/2026-20:32:11] [I] Average on 10 runs - GPU latency: 2.84687 ms - Host latency: 2.89062 ms (enqueue 0.590625 ms)
[02/23/2026-20:32:11] [I] Average on 10 runs - GPU latency: 2.85313 ms - Host latency: 2.90625 ms (enqueue 0.60625 ms)
[02/23/2026-20:32:11] [I] Average on 10 runs - GPU latency: 2.85313 ms - Host latency: 2.90313 ms (enqueue 0.59375 ms)
[02/23/2026-20:32:11] [I] Average on 10 runs - GPU latency: 2.85313 ms - Host latency: 2.9 ms (enqueue 0.596875 ms)
[02/23/2026-20:32:11] [I] Average on 10 runs - GPU latency: 2.85313 ms - Host latency: 2.9125 ms (enqueue 0.596875 ms)
[02/23/2026-20:32:11] [I] Average on 10 runs - GPU latency: 2.85 ms - Host latency: 2.89062 ms (enqueue 0.59375 ms)
[02/23/2026-20:32:11] [I] Average on 10 runs - GPU latency: 2.85313 ms - Host latency: 2.9 ms (enqueue 0.596875 ms)
[02/23/2026-20:32:11] [I] Average on 10 runs - GPU latency: 2.85 ms - Host latency: 2.9 ms (enqueue 0.596875 ms)
[02/23/2026-20:32:11] [I] Average on 10 runs - GPU latency: 2.85 ms - Host latency: 2.89062 ms (enqueue 0.59375 ms)
[02/23/2026-20:32:11] [I] Average on 10 runs - GPU latency: 2.85313 ms - Host latency: 2.89687 ms (enqueue 0.596875 ms)
[02/23/2026-20:32:11] [I] Average on 10 runs - GPU latency: 2.85 ms - Host latency: 2.89687 ms (enqueue 0.590625 ms)
[02/23/2026-20:32:11] [I] Average on 10 runs - GPU latency: 2.84687 ms - Host latency: 2.89375 ms (enqueue 0.59375 ms)
[02/23/2026-20:32:11] [I] Average on 10 runs - GPU latency: 2.85 ms - Host latency: 2.90313 ms (enqueue 0.59375 ms)
[02/23/2026-20:32:11] [I] Average on 10 runs - GPU latency: 2.84375 ms - Host latency: 2.89687 ms (enqueue 0.596875 ms)
[02/23/2026-20:32:11] [I] Average on 10 runs - GPU latency: 2.85313 ms - Host latency: 2.89062 ms (enqueue 0.596875 ms)
[02/23/2026-20:32:11] [I] Average on 10 runs - GPU latency: 2.85313 ms - Host latency: 2.90625 ms (enqueue 0.596875 ms)
[02/23/2026-20:32:11] [I] Average on 10 runs - GPU latency: 2.85313 ms - Host latency: 2.9 ms (enqueue 0.6 ms)
[02/23/2026-20:32:11] [I] Average on 10 runs - GPU latency: 2.84687 ms - Host latency: 2.89687 ms (enqueue 0.609375 ms)
[02/23/2026-20:32:11] [I] Average on 10 runs - GPU latency: 2.85313 ms - Host latency: 2.9 ms (enqueue 0.590625 ms)
[02/23/2026-20:32:11] [I] Average on 10 runs - GPU latency: 2.85313 ms - Host latency: 2.89062 ms (enqueue 0.609375 ms)
[02/23/2026-20:32:11] [I] Average on 10 runs - GPU latency: 2.85 ms - Host latency: 2.9 ms (enqueue 0.6 ms)
[02/23/2026-20:32:11] [I] Average on 10 runs - GPU latency: 2.85313 ms - Host latency: 2.90937 ms (enqueue 0.59375 ms)
[02/23/2026-20:32:11] [I] Average on 10 runs - GPU latency: 2.85625 ms - Host latency: 2.90625 ms (enqueue 0.59375 ms)
[02/23/2026-20:32:11] [I] Average on 10 runs - GPU latency: 2.84687 ms - Host latency: 2.89375 ms (enqueue 0.603125 ms)
[02/23/2026-20:32:11] [I] Average on 10 runs - GPU latency: 2.85313 ms - Host latency: 2.89062 ms (enqueue 0.59375 ms)
[02/23/2026-20:32:11] [I] Average on 10 runs - GPU latency: 2.85313 ms - Host latency: 2.90313 ms (enqueue 0.6 ms)
[02/23/2026-20:32:11] [I] Average on 10 runs - GPU latency: 2.85313 ms - Host latency: 2.89062 ms (enqueue 0.603125 ms)
[02/23/2026-20:32:11] [I] Average on 10 runs - GPU latency: 2.84687 ms - Host latency: 2.8875 ms (enqueue 0.59375 ms)
[02/23/2026-20:32:11] [I] Average on 10 runs - GPU latency: 2.85 ms - Host latency: 2.90313 ms (enqueue 0.6 ms)
[02/23/2026-20:32:11] [I] Average on 10 runs - GPU latency: 2.85625 ms - Host latency: 2.90937 ms (enqueue 0.6 ms)
[02/23/2026-20:32:11] [I] Average on 10 runs - GPU latency: 2.85313 ms - Host latency: 2.89062 ms (enqueue 0.60625 ms)
[02/23/2026-20:32:11] [I] Average on 10 runs - GPU latency: 2.84687 ms - Host latency: 2.89375 ms (enqueue 0.6125 ms)
[02/23/2026-20:32:11] [I] Average on 10 runs - GPU latency: 2.85313 ms - Host latency: 2.90625 ms (enqueue 0.603125 ms)
[02/23/2026-20:32:11] [I] Average on 10 runs - GPU latency: 2.85625 ms - Host latency: 2.9125 ms (enqueue 0.596875 ms)
[02/23/2026-20:32:11] [I] Average on 10 runs - GPU latency: 2.85625 ms - Host latency: 2.9125 ms (enqueue 0.60625 ms)
[02/23/2026-20:32:11] [I] Average on 10 runs - GPU latency: 2.85313 ms - Host latency: 2.9 ms (enqueue 0.621875 ms)
[02/23/2026-20:32:11] [I] Average on 10 runs - GPU latency: 2.84687 ms - Host latency: 2.89687 ms (enqueue 0.596875 ms)
[02/23/2026-20:32:11] [I] Average on 10 runs - GPU latency: 2.85625 ms - Host latency: 2.90937 ms (enqueue 0.596875 ms)
[02/23/2026-20:32:11] [I] Average on 10 runs - GPU latency: 2.85 ms - Host latency: 2.9 ms (enqueue 0.621875 ms)
[02/23/2026-20:32:11] [I] Average on 10 runs - GPU latency: 2.85 ms - Host latency: 2.89687 ms (enqueue 0.603125 ms)
[02/23/2026-20:32:11] [I] Average on 10 runs - GPU latency: 2.85 ms - Host latency: 2.90313 ms (enqueue 0.603125 ms)
[02/23/2026-20:32:11] [I] Average on 10 runs - GPU latency: 2.85313 ms - Host latency: 2.89687 ms (enqueue 0.59375 ms)
[02/23/2026-20:32:11] [I] Average on 10 runs - GPU latency: 2.84687 ms - Host latency: 2.8875 ms (enqueue 0.6125 ms)
[02/23/2026-20:32:11] [I] Average on 10 runs - GPU latency: 2.84687 ms - Host latency: 2.89687 ms (enqueue 0.596875 ms)
[02/23/2026-20:32:11] [I] Average on 10 runs - GPU latency: 2.85313 ms - Host latency: 2.9 ms (enqueue 0.590625 ms)
[02/23/2026-20:32:11] [I] Average on 10 runs - GPU latency: 2.85625 ms - Host latency: 2.90937 ms (enqueue 0.6 ms)
[02/23/2026-20:32:11] [I] Average on 10 runs - GPU latency: 2.85 ms - Host latency: 2.89375 ms (enqueue 0.603125 ms)
[02/23/2026-20:32:11] [I] Average on 10 runs - GPU latency: 2.85 ms - Host latency: 2.90313 ms (enqueue 0.59375 ms)
[02/23/2026-20:32:11] [I] Average on 10 runs - GPU latency: 2.85313 ms - Host latency: 2.90313 ms (enqueue 0.603125 ms)
[02/23/2026-20:32:11] [I] Average on 10 runs - GPU latency: 2.85625 ms - Host latency: 2.90937 ms (enqueue 0.628125 ms)
[02/23/2026-20:32:11] [I] Average on 10 runs - GPU latency: 2.85313 ms - Host latency: 2.90625 ms (enqueue 0.6 ms)
[02/23/2026-20:32:11] [I] Average on 10 runs - GPU latency: 2.85313 ms - Host latency: 2.9 ms (enqueue 0.590625 ms)
[02/23/2026-20:32:11] [I] Average on 10 runs - GPU latency: 2.85 ms - Host latency: 2.8875 ms (enqueue 0.596875 ms)
[02/23/2026-20:32:11] [I] Average on 10 runs - GPU latency: 2.85 ms - Host latency: 2.90937 ms (enqueue 0.6125 ms)
[02/23/2026-20:32:11] [I] Average on 10 runs - GPU latency: 2.85 ms - Host latency: 2.9 ms (enqueue 0.603125 ms)
[02/23/2026-20:32:11] [I] Average on 10 runs - GPU latency: 2.84375 ms - Host latency: 2.88438 ms (enqueue 0.596875 ms)
[02/23/2026-20:32:11] [I] Average on 10 runs - GPU latency: 2.85313 ms - Host latency: 2.9 ms (enqueue 0.590625 ms)
[02/23/2026-20:32:11] [I] Average on 10 runs - GPU latency: 2.85 ms - Host latency: 2.9125 ms (enqueue 0.609375 ms)
[02/23/2026-20:32:11] [I] Average on 10 runs - GPU latency: 2.85 ms - Host latency: 2.89375 ms (enqueue 0.6 ms)
[02/23/2026-20:32:11] [I] Average on 10 runs - GPU latency: 2.85 ms - Host latency: 2.89687 ms (enqueue 0.6 ms)
[02/23/2026-20:32:11] [I] Average on 10 runs - GPU latency: 2.85 ms - Host latency: 2.89375 ms (enqueue 0.6 ms)
[02/23/2026-20:32:11] [I] Average on 10 runs - GPU latency: 2.85313 ms - Host latency: 2.90937 ms (enqueue 0.61875 ms)
[02/23/2026-20:32:11] [I] Average on 10 runs - GPU latency: 2.85313 ms - Host latency: 2.9125 ms (enqueue 0.603125 ms)
[02/23/2026-20:32:11] [I] Average on 10 runs - GPU latency: 2.84687 ms - Host latency: 2.8875 ms (enqueue 0.603125 ms)
[02/23/2026-20:32:11] [I] Average on 10 runs - GPU latency: 2.85 ms - Host latency: 2.90313 ms (enqueue 0.59375 ms)
[02/23/2026-20:32:11] [I] Average on 10 runs - GPU latency: 2.85 ms - Host latency: 2.90313 ms (enqueue 0.603125 ms)
[02/23/2026-20:32:11] [I] Average on 10 runs - GPU latency: 2.85313 ms - Host latency: 2.90937 ms (enqueue 0.615625 ms)
[02/23/2026-20:32:11] [I] Average on 10 runs - GPU latency: 2.85 ms - Host latency: 2.90625 ms (enqueue 0.596875 ms)
[02/23/2026-20:32:11] [I] Average on 10 runs - GPU latency: 2.85313 ms - Host latency: 2.9 ms (enqueue 0.60625 ms)
[02/23/2026-20:32:11] [I] Average on 10 runs - GPU latency: 2.85313 ms - Host latency: 2.89687 ms (enqueue 0.60625 ms)
[02/23/2026-20:32:11] [I] Average on 10 runs - GPU latency: 2.8625 ms - Host latency: 2.92188 ms (enqueue 0.609375 ms)
[02/23/2026-20:32:11] [I] Average on 10 runs - GPU latency: 2.85 ms - Host latency: 2.9 ms (enqueue 0.60625 ms)
[02/23/2026-20:32:11] [I] Average on 10 runs - GPU latency: 2.85313 ms - Host latency: 2.90313 ms (enqueue 0.603125 ms)
[02/23/2026-20:32:11] [I] Average on 10 runs - GPU latency: 2.85 ms - Host latency: 2.90937 ms (enqueue 0.609375 ms)
[02/23/2026-20:32:11] [I] Average on 10 runs - GPU latency: 2.85 ms - Host latency: 2.9 ms (enqueue 0.59375 ms)
[02/23/2026-20:32:11] [I] Average on 10 runs - GPU latency: 2.84687 ms - Host latency: 2.89687 ms (enqueue 0.603125 ms)
[02/23/2026-20:32:11] [I] Average on 10 runs - GPU latency: 2.85 ms - Host latency: 2.90313 ms (enqueue 0.596875 ms)
[02/23/2026-20:32:11] [I] Average on 10 runs - GPU latency: 2.85 ms - Host latency: 2.90313 ms (enqueue 0.590625 ms)
[02/23/2026-20:32:11] [I] Average on 10 runs - GPU latency: 2.85313 ms - Host latency: 2.89375 ms (enqueue 0.6 ms)
[02/23/2026-20:32:11] [I] Average on 10 runs - GPU latency: 2.85313 ms - Host latency: 2.89375 ms (enqueue 0.59375 ms)
[02/23/2026-20:32:11] [I] Average on 10 runs - GPU latency: 2.85313 ms - Host latency: 2.89375 ms (enqueue 0.609375 ms)
[02/23/2026-20:32:11] [I] Average on 10 runs - GPU latency: 2.85313 ms - Host latency: 2.89375 ms (enqueue 0.6 ms)
[02/23/2026-20:32:11] [I] Average on 10 runs - GPU latency: 2.85313 ms - Host latency: 2.90625 ms (enqueue 0.603125 ms)
[02/23/2026-20:32:11] [I] Average on 10 runs - GPU latency: 2.85 ms - Host latency: 2.89062 ms (enqueue 0.590625 ms)
[02/23/2026-20:32:11] [I] Average on 10 runs - GPU latency: 2.85313 ms - Host latency: 2.9125 ms (enqueue 0.609375 ms)
[02/23/2026-20:32:11] [I] Average on 10 runs - GPU latency: 2.85 ms - Host latency: 2.8875 ms (enqueue 0.596875 ms)
[02/23/2026-20:32:11] [I] Average on 10 runs - GPU latency: 2.85 ms - Host latency: 2.90313 ms (enqueue 0.596875 ms)
[02/23/2026-20:32:11] [I] Average on 10 runs - GPU latency: 2.85313 ms - Host latency: 2.90625 ms (enqueue 0.590625 ms)
[02/23/2026-20:32:11] [I] Average on 10 runs - GPU latency: 2.85313 ms - Host latency: 2.9 ms (enqueue 0.609375 ms)
[02/23/2026-20:32:11] [I] Average on 10 runs - GPU latency: 2.85313 ms - Host latency: 2.9 ms (enqueue 0.596875 ms)
[02/23/2026-20:32:11] [I] Average on 10 runs - GPU latency: 2.85 ms - Host latency: 2.89375 ms (enqueue 0.596875 ms)
[02/23/2026-20:32:11] [I] Average on 10 runs - GPU latency: 2.85 ms - Host latency: 2.89375 ms (enqueue 0.596875 ms)
[02/23/2026-20:32:11] [I] Average on 10 runs - GPU latency: 2.85 ms - Host latency: 2.89687 ms (enqueue 0.60625 ms)
[02/23/2026-20:32:11] [I] Average on 10 runs - GPU latency: 2.85313 ms - Host latency: 2.90313 ms (enqueue 0.596875 ms)
[02/23/2026-20:32:11] [I] Average on 10 runs - GPU latency: 2.85313 ms - Host latency: 2.90625 ms (enqueue 0.6 ms)
[02/23/2026-20:32:11] [I] Average on 10 runs - GPU latency: 2.85625 ms - Host latency: 2.90313 ms (enqueue 0.590625 ms)
[02/23/2026-20:32:11] [I] Average on 10 runs - GPU latency: 2.85313 ms - Host latency: 2.92188 ms (enqueue 0.60625 ms)
[02/23/2026-20:32:11] [I] Average on 10 runs - GPU latency: 2.84687 ms - Host latency: 2.88125 ms (enqueue 0.6125 ms)
[02/23/2026-20:32:11] [I] Average on 10 runs - GPU latency: 2.85625 ms - Host latency: 2.90937 ms (enqueue 0.60625 ms)
[02/23/2026-20:32:11] [I] Average on 10 runs - GPU latency: 2.85313 ms - Host latency: 2.90313 ms (enqueue 0.5875 ms)
[02/23/2026-20:32:11] [I] Average on 10 runs - GPU latency: 2.84687 ms - Host latency: 2.89062 ms (enqueue 0.603125 ms)
[02/23/2026-20:32:11] [I] Average on 10 runs - GPU latency: 2.85 ms - Host latency: 2.90625 ms (enqueue 0.5875 ms)
[02/23/2026-20:32:11] [I] Average on 10 runs - GPU latency: 2.85313 ms - Host latency: 2.9 ms (enqueue 0.596875 ms)
[02/23/2026-20:32:11] [I] Average on 10 runs - GPU latency: 2.85313 ms - Host latency: 2.89375 ms (enqueue 0.6 ms)
[02/23/2026-20:32:11] [I] Average on 10 runs - GPU latency: 2.85313 ms - Host latency: 2.90937 ms (enqueue 0.609375 ms)
[02/23/2026-20:32:11] [I] Average on 10 runs - GPU latency: 2.85313 ms - Host latency: 2.89687 ms (enqueue 0.59375 ms)
[02/23/2026-20:32:11] [I] Average on 10 runs - GPU latency: 2.85625 ms - Host latency: 2.90937 ms (enqueue 0.625 ms)
[02/23/2026-20:32:11] [I] Average on 10 runs - GPU latency: 2.85625 ms - Host latency: 2.9125 ms (enqueue 0.60625 ms)
[02/23/2026-20:32:11] [I] Average on 10 runs - GPU latency: 2.84687 ms - Host latency: 2.88438 ms (enqueue 0.6 ms)
[02/23/2026-20:32:11] [I] Average on 10 runs - GPU latency: 2.85 ms - Host latency: 2.89375 ms (enqueue 0.603125 ms)
[02/23/2026-20:32:11] [I] Average on 10 runs - GPU latency: 2.85 ms - Host latency: 2.89687 ms (enqueue 0.596875 ms)
[02/23/2026-20:32:11] [I] Average on 10 runs - GPU latency: 2.85 ms - Host latency: 2.90313 ms (enqueue 0.609375 ms)
[02/23/2026-20:32:11] [I] Average on 10 runs - GPU latency: 2.85313 ms - Host latency: 2.89375 ms (enqueue 0.590625 ms)
[02/23/2026-20:32:11] [I] Average on 10 runs - GPU latency: 2.84687 ms - Host latency: 2.89687 ms (enqueue 0.596875 ms)
[02/23/2026-20:32:11] [I] Average on 10 runs - GPU latency: 2.85625 ms - Host latency: 2.89687 ms (enqueue 0.590625 ms)
[02/23/2026-20:32:11] [I] Average on 10 runs - GPU latency: 2.85313 ms - Host latency: 2.90625 ms (enqueue 0.60625 ms)
[02/23/2026-20:32:11] [I] Average on 10 runs - GPU latency: 2.85313 ms - Host latency: 2.89687 ms (enqueue 0.59375 ms)
[02/23/2026-20:32:11] [I] Average on 10 runs - GPU latency: 2.85313 ms - Host latency: 2.90937 ms (enqueue 0.596875 ms)
[02/23/2026-20:32:11] [I] Average on 10 runs - GPU latency: 2.85313 ms - Host latency: 2.90937 ms (enqueue 0.6 ms)
[02/23/2026-20:32:11] [I] Average on 10 runs - GPU latency: 2.85 ms - Host latency: 2.90313 ms (enqueue 0.60625 ms)
[02/23/2026-20:32:11] [I] Average on 10 runs - GPU latency: 2.85 ms - Host latency: 2.89687 ms (enqueue 0.596875 ms)
[02/23/2026-20:32:11] [I] Average on 10 runs - GPU latency: 2.85313 ms - Host latency: 2.9 ms (enqueue 0.603125 ms)
[02/23/2026-20:32:11] [I] Average on 10 runs - GPU latency: 2.84687 ms - Host latency: 2.89375 ms (enqueue 0.596875 ms)
[02/23/2026-20:32:11] [I] Average on 10 runs - GPU latency: 2.84375 ms - Host latency: 2.8875 ms (enqueue 0.59375 ms)
[02/23/2026-20:32:11] [I] Average on 10 runs - GPU latency: 2.85313 ms - Host latency: 2.9125 ms (enqueue 0.590625 ms)
[02/23/2026-20:32:11] [I] Average on 10 runs - GPU latency: 2.85 ms - Host latency: 2.90313 ms (enqueue 0.59375 ms)
[02/23/2026-20:32:11] [I] Average on 10 runs - GPU latency: 2.85313 ms - Host latency: 2.9 ms (enqueue 0.6 ms)
[02/23/2026-20:32:11] [I] Average on 10 runs - GPU latency: 2.85313 ms - Host latency: 2.89375 ms (enqueue 0.609375 ms)
[02/23/2026-20:32:11] [I] Average on 10 runs - GPU latency: 2.8625 ms - Host latency: 2.90625 ms (enqueue 0.5875 ms)
[02/23/2026-20:32:11] [I] Average on 10 runs - GPU latency: 2.85313 ms - Host latency: 2.89687 ms (enqueue 0.59375 ms)
[02/23/2026-20:32:11] [I] Average on 10 runs - GPU latency: 2.86875 ms - Host latency: 2.93125 ms (enqueue 0.603125 ms)
[02/23/2026-20:32:11] [I] Average on 10 runs - GPU latency: 2.85625 ms - Host latency: 2.89687 ms (enqueue 0.628125 ms)
[02/23/2026-20:32:11] [I] Average on 10 runs - GPU latency: 2.85313 ms - Host latency: 2.90313 ms (enqueue 0.590625 ms)
[02/23/2026-20:32:11] [I] Average on 10 runs - GPU latency: 2.85 ms - Host latency: 2.9 ms (enqueue 0.59375 ms)
[02/23/2026-20:32:11] [I] Average on 10 runs - GPU latency: 2.85 ms - Host latency: 2.90313 ms (enqueue 0.6 ms)
[02/23/2026-20:32:11] [I] Average on 10 runs - GPU latency: 2.85313 ms - Host latency: 2.89375 ms (enqueue 0.603125 ms)
[02/23/2026-20:32:11] [I] Average on 10 runs - GPU latency: 2.85313 ms - Host latency: 2.89062 ms (enqueue 0.6 ms)
[02/23/2026-20:32:11] [I] Average on 10 runs - GPU latency: 2.85625 ms - Host latency: 2.90625 ms (enqueue 0.590625 ms)
[02/23/2026-20:32:11] [I] Average on 10 runs - GPU latency: 2.85313 ms - Host latency: 2.89687 ms (enqueue 0.609375 ms)
[02/23/2026-20:32:11] [I] Average on 10 runs - GPU latency: 2.85 ms - Host latency: 2.89687 ms (enqueue 0.596875 ms)
[02/23/2026-20:32:11] [I] Average on 10 runs - GPU latency: 2.84687 ms - Host latency: 2.8875 ms (enqueue 0.596875 ms)
[02/23/2026-20:32:11] [I] Average on 10 runs - GPU latency: 2.85625 ms - Host latency: 2.89687 ms (enqueue 0.628125 ms)
[02/23/2026-20:32:11] [I] Average on 10 runs - GPU latency: 2.85625 ms - Host latency: 2.90313 ms (enqueue 0.6 ms)
[02/23/2026-20:32:11] [I] Average on 10 runs - GPU latency: 2.85313 ms - Host latency: 2.89375 ms (enqueue 0.61875 ms)
[02/23/2026-20:32:11] [I] Average on 10 runs - GPU latency: 2.85 ms - Host latency: 2.90313 ms (enqueue 0.59375 ms)
[02/23/2026-20:32:11] [I] Average on 10 runs - GPU latency: 2.85313 ms - Host latency: 2.90313 ms (enqueue 0.590625 ms)
[02/23/2026-20:32:11] [I] Average on 10 runs - GPU latency: 2.85 ms - Host latency: 2.90313 ms (enqueue 0.615625 ms)
[02/23/2026-20:32:11] [I] Average on 10 runs - GPU latency: 2.84687 ms - Host latency: 2.88125 ms (enqueue 0.59375 ms)
[02/23/2026-20:32:11] [I] Average on 10 runs - GPU latency: 2.84687 ms - Host latency: 2.90313 ms (enqueue 0.609375 ms)
[02/23/2026-20:32:11] [I] Average on 10 runs - GPU latency: 2.84375 ms - Host latency: 2.8875 ms (enqueue 0.59375 ms)
[02/23/2026-20:32:11] [I] Average on 10 runs - GPU latency: 2.85313 ms - Host latency: 2.90313 ms (enqueue 0.603125 ms)
[02/23/2026-20:32:11] [I] Average on 10 runs - GPU latency: 2.84375 ms - Host latency: 2.89375 ms (enqueue 0.59375 ms)
[02/23/2026-20:32:11] [I] Average on 10 runs - GPU latency: 2.85 ms - Host latency: 2.89375 ms (enqueue 0.59375 ms)
[02/23/2026-20:32:11] [I] Average on 10 runs - GPU latency: 2.85313 ms - Host latency: 2.89687 ms (enqueue 0.6 ms)
[02/23/2026-20:32:11] [I] Average on 10 runs - GPU latency: 2.85625 ms - Host latency: 2.90625 ms (enqueue 0.60625 ms)
[02/23/2026-20:32:11] [I] Average on 10 runs - GPU latency: 2.84687 ms - Host latency: 2.8875 ms (enqueue 0.584375 ms)
[02/23/2026-20:32:11] [I] Average on 10 runs - GPU latency: 2.85313 ms - Host latency: 2.89687 ms (enqueue 0.590625 ms)
[02/23/2026-20:32:11] [I] Average on 10 runs - GPU latency: 2.85625 ms - Host latency: 2.90313 ms (enqueue 0.596875 ms)
[02/23/2026-20:32:11] [I] Average on 10 runs - GPU latency: 2.85313 ms - Host latency: 2.9125 ms (enqueue 0.60625 ms)
[02/23/2026-20:32:11] [I] Average on 10 runs - GPU latency: 2.85313 ms - Host latency: 2.89375 ms (enqueue 0.590625 ms)
[02/23/2026-20:32:11] [I] Average on 10 runs - GPU latency: 2.84687 ms - Host latency: 2.89062 ms (enqueue 0.60625 ms)
[02/23/2026-20:32:11] [I] Average on 10 runs - GPU latency: 2.85 ms - Host latency: 2.89687 ms (enqueue 0.6 ms)
[02/23/2026-20:32:11] [I] Average on 10 runs - GPU latency: 2.85 ms - Host latency: 2.9 ms (enqueue 0.6 ms)
[02/23/2026-20:32:11] [I] Average on 10 runs - GPU latency: 2.85 ms - Host latency: 2.9 ms (enqueue 0.590625 ms)
[02/23/2026-20:32:11] [I] Average on 10 runs - GPU latency: 2.85 ms - Host latency: 2.90313 ms (enqueue 0.6 ms)
[02/23/2026-20:32:11] [I] Average on 10 runs - GPU latency: 2.85625 ms - Host latency: 2.9 ms (enqueue 0.603125 ms)
[02/23/2026-20:32:11] [I] Average on 10 runs - GPU latency: 2.85313 ms - Host latency: 2.90313 ms (enqueue 0.603125 ms)
[02/23/2026-20:32:11] [I] Average on 10 runs - GPU latency: 2.85 ms - Host latency: 2.90625 ms (enqueue 0.603125 ms)
[02/23/2026-20:32:11] [I] 
[02/23/2026-20:32:11] [I] === Performance summary ===
[02/23/2026-20:32:11] [I] Throughput: 350.485 qps
[02/23/2026-20:32:11] [I] Latency: min = 2.84375 ms, max = 3.58087 ms, mean = 2.89994 ms, median = 2.89844 ms, percentile(90%) = 2.91406 ms, percentile(95%) = 2.92188 ms, percentile(99%) = 2.9375 ms
[02/23/2026-20:32:11] [I] Enqueue Time: min = 0.53125 ms, max = 0.992188 ms, mean = 0.597124 ms, median = 0.59375 ms, percentile(90%) = 0.625 ms, percentile(95%) = 0.640625 ms, percentile(99%) = 0.671875 ms
[02/23/2026-20:32:11] [I] H2D Latency: min = 0.03125 ms, max = 0.109375 ms, mean = 0.0424142 ms, median = 0.0429688 ms, percentile(90%) = 0.046875 ms, percentile(95%) = 0.0546875 ms, percentile(99%) = 0.0625 ms
[02/23/2026-20:32:11] [I] GPU Compute Time: min = 2.8125 ms, max = 3.53062 ms, mean = 2.85154 ms, median = 2.85059 ms, percentile(90%) = 2.85938 ms, percentile(95%) = 2.87305 ms, percentile(99%) = 2.875 ms
[02/23/2026-20:32:11] [I] D2H Latency: min = 0 ms, max = 0.03125 ms, mean = 0.0048321 ms, median = 0 ms, percentile(90%) = 0.015625 ms, percentile(95%) = 0.015625 ms, percentile(99%) = 0.03125 ms
[02/23/2026-20:32:11] [I] Total Host Walltime: 300.01 s
[02/23/2026-20:32:11] [I] Total GPU Compute Time: 299.836 s
[02/23/2026-20:32:11] [I] Explanations of the performance metrics are printed in the verbose logs.
[02/23/2026-20:32:11] [I] 
&&&& PASSED TensorRT.trtexec [TensorRT v100300] # trtexec --loadEngine=/home/yuanyang/models/resnet50_fp16.engine --warmUp=200 --duration=300 --useSpinWait
