&&&& RUNNING TensorRT.trtexec [TensorRT v100300] # trtexec --loadEngine=/home/yuanyang/models/resnet50_fp16.engine --warmUp=200 --duration=1200 --useSpinWait --streams=8
[02/23/2026-22:22:42] [W] --streams flag has been deprecated, use --infStreams flag instead.
[02/23/2026-22:22:42] [I] === Model Options ===
[02/23/2026-22:22:42] [I] Format: *
[02/23/2026-22:22:42] [I] Model: 
[02/23/2026-22:22:42] [I] Output:
[02/23/2026-22:22:42] [I] 
[02/23/2026-22:22:42] [I] === System Options ===
[02/23/2026-22:22:42] [I] Device: 0
[02/23/2026-22:22:42] [I] DLACore: 
[02/23/2026-22:22:42] [I] Plugins:
[02/23/2026-22:22:42] [I] setPluginsToSerialize:
[02/23/2026-22:22:42] [I] dynamicPlugins:
[02/23/2026-22:22:42] [I] ignoreParsedPluginLibs: 0
[02/23/2026-22:22:42] [I] 
[02/23/2026-22:22:42] [I] === Inference Options ===
[02/23/2026-22:22:42] [I] Batch: Explicit
[02/23/2026-22:22:42] [I] Input inference shapes: model
[02/23/2026-22:22:42] [I] Iterations: 10
[02/23/2026-22:22:42] [I] Duration: 1200s (+ 200ms warm up)
[02/23/2026-22:22:42] [I] Sleep time: 0ms
[02/23/2026-22:22:42] [I] Idle time: 0ms
[02/23/2026-22:22:42] [I] Inference Streams: 8
[02/23/2026-22:22:42] [I] ExposeDMA: Disabled
[02/23/2026-22:22:42] [I] Data transfers: Enabled
[02/23/2026-22:22:42] [I] Spin-wait: Enabled
[02/23/2026-22:22:42] [I] Multithreading: Disabled
[02/23/2026-22:22:42] [I] CUDA Graph: Disabled
[02/23/2026-22:22:42] [I] Separate profiling: Disabled
[02/23/2026-22:22:42] [I] Time Deserialize: Disabled
[02/23/2026-22:22:42] [I] Time Refit: Disabled
[02/23/2026-22:22:42] [I] NVTX verbosity: 0
[02/23/2026-22:22:42] [I] Persistent Cache Ratio: 0
[02/23/2026-22:22:42] [I] Optimization Profile Index: 0
[02/23/2026-22:22:42] [I] Weight Streaming Budget: 100.000000%
[02/23/2026-22:22:42] [I] Inputs:
[02/23/2026-22:22:42] [I] Debug Tensor Save Destinations:
[02/23/2026-22:22:42] [I] === Reporting Options ===
[02/23/2026-22:22:42] [I] Verbose: Disabled
[02/23/2026-22:22:42] [I] Averages: 10 inferences
[02/23/2026-22:22:42] [I] Percentiles: 90,95,99
[02/23/2026-22:22:42] [I] Dump refittable layers:Disabled
[02/23/2026-22:22:42] [I] Dump output: Disabled
[02/23/2026-22:22:42] [I] Profile: Disabled
[02/23/2026-22:22:42] [I] Export timing to JSON file: 
[02/23/2026-22:22:42] [I] Export output to JSON file: 
[02/23/2026-22:22:42] [I] Export profile to JSON file: 
[02/23/2026-22:22:42] [I] 
[02/23/2026-22:22:42] [I] === Device Information ===
[02/23/2026-22:22:42] [I] Available Devices: 
[02/23/2026-22:22:42] [I]   Device 0: "Orin" UUID: GPU-158fe06a-969b-59bf-bf6e-7fd93044f760
[02/23/2026-22:22:42] [I] Selected Device: Orin
[02/23/2026-22:22:42] [I] Selected Device ID: 0
[02/23/2026-22:22:42] [I] Selected Device UUID: GPU-158fe06a-969b-59bf-bf6e-7fd93044f760
[02/23/2026-22:22:42] [I] Compute Capability: 8.7
[02/23/2026-22:22:42] [I] SMs: 8
[02/23/2026-22:22:42] [I] Device Global Memory: 7620 MiB
[02/23/2026-22:22:42] [I] Shared Memory per SM: 164 KiB
[02/23/2026-22:22:42] [I] Memory Bus Width: 128 bits (ECC disabled)
[02/23/2026-22:22:42] [I] Application Compute Clock Rate: 1.02 GHz
[02/23/2026-22:22:42] [I] Application Memory Clock Rate: 1.02 GHz
[02/23/2026-22:22:42] [I] 
[02/23/2026-22:22:42] [I] Note: The application clock rates do not reflect the actual clock rates that the GPU is currently running at.
[02/23/2026-22:22:42] [I] 
[02/23/2026-22:22:42] [I] TensorRT version: 10.3.0
[02/23/2026-22:22:42] [I] Loading standard plugins
[02/23/2026-22:22:42] [I] [TRT] Loaded engine size: 49 MiB
[02/23/2026-22:22:42] [I] Engine deserialized in 0.0923981 sec.
[02/23/2026-22:22:42] [I] [TRT] [MemUsageChange] TensorRT-managed allocation in IExecutionContext creation: CPU +0, GPU +4, now: CPU 0, GPU 52 (MiB)
[02/23/2026-22:22:42] [I] Setting persistentCacheLimit to 0 bytes.
[02/23/2026-22:22:42] [I] [TRT] [MemUsageChange] TensorRT-managed allocation in IExecutionContext creation: CPU +0, GPU +5, now: CPU 0, GPU 57 (MiB)
[02/23/2026-22:22:42] [I] Setting persistentCacheLimit to 0 bytes.
[02/23/2026-22:22:42] [I] [TRT] [MemUsageChange] TensorRT-managed allocation in IExecutionContext creation: CPU +1, GPU +4, now: CPU 1, GPU 61 (MiB)
[02/23/2026-22:22:42] [I] Setting persistentCacheLimit to 0 bytes.
[02/23/2026-22:22:42] [I] [TRT] [MemUsageChange] TensorRT-managed allocation in IExecutionContext creation: CPU +0, GPU +4, now: CPU 1, GPU 65 (MiB)
[02/23/2026-22:22:42] [I] Setting persistentCacheLimit to 0 bytes.
[02/23/2026-22:22:42] [I] [TRT] [MemUsageChange] TensorRT-managed allocation in IExecutionContext creation: CPU +0, GPU +4, now: CPU 1, GPU 69 (MiB)
[02/23/2026-22:22:42] [I] Setting persistentCacheLimit to 0 bytes.
[02/23/2026-22:22:42] [I] [TRT] [MemUsageChange] TensorRT-managed allocation in IExecutionContext creation: CPU +1, GPU +5, now: CPU 2, GPU 74 (MiB)
[02/23/2026-22:22:42] [I] Setting persistentCacheLimit to 0 bytes.
[02/23/2026-22:22:42] [I] [TRT] [MemUsageChange] TensorRT-managed allocation in IExecutionContext creation: CPU +0, GPU +4, now: CPU 2, GPU 78 (MiB)
[02/23/2026-22:22:42] [I] Setting persistentCacheLimit to 0 bytes.
[02/23/2026-22:22:42] [I] [TRT] [MemUsageChange] TensorRT-managed allocation in IExecutionContext creation: CPU +0, GPU +4, now: CPU 2, GPU 82 (MiB)
[02/23/2026-22:22:42] [I] Setting persistentCacheLimit to 0 bytes.
[02/23/2026-22:22:42] [I] Created execution context with device memory size: 4.21094 MiB
[02/23/2026-22:22:42] [I] Created execution context with device memory size: 4.21094 MiB
[02/23/2026-22:22:42] [I] Created execution context with device memory size: 4.21094 MiB
[02/23/2026-22:22:42] [I] Created execution context with device memory size: 4.21094 MiB
[02/23/2026-22:22:42] [I] Created execution context with device memory size: 4.21094 MiB
[02/23/2026-22:22:42] [I] Created execution context with device memory size: 4.21094 MiB
[02/23/2026-22:22:42] [I] Created execution context with device memory size: 4.21094 MiB
[02/23/2026-22:22:42] [I] Created execution context with device memory size: 4.21094 MiB
[02/23/2026-22:22:42] [I] Using random values for input data
[02/23/2026-22:22:42] [I] Input binding for data with dimensions 1x3x224x224 is created.
[02/23/2026-22:22:42] [I] Using random values for input data
[02/23/2026-22:22:42] [I] Input binding for data with dimensions 1x3x224x224 is created.
[02/23/2026-22:22:42] [I] Using random values for input data
[02/23/2026-22:22:42] [I] Input binding for data with dimensions 1x3x224x224 is created.
[02/23/2026-22:22:42] [I] Using random values for input data
[02/23/2026-22:22:42] [I] Input binding for data with dimensions 1x3x224x224 is created.
[02/23/2026-22:22:42] [I] Using random values for input data
[02/23/2026-22:22:42] [I] Input binding for data with dimensions 1x3x224x224 is created.
[02/23/2026-22:22:42] [I] Using random values for input data
[02/23/2026-22:22:42] [I] Input binding for data with dimensions 1x3x224x224 is created.
[02/23/2026-22:22:42] [I] Using random values for input data
[02/23/2026-22:22:42] [I] Input binding for data with dimensions 1x3x224x224 is created.
[02/23/2026-22:22:42] [I] Using random values for input data
[02/23/2026-22:22:42] [I] Input binding for data with dimensions 1x3x224x224 is created.
[02/23/2026-22:22:42] [I] Output binding for resnetv24_dense0_fwd with dimensions 1x1000 is created.
[02/23/2026-22:22:42] [I] Output binding for resnetv24_dense0_fwd with dimensions 1x1000 is created.
[02/23/2026-22:22:42] [I] Output binding for resnetv24_dense0_fwd with dimensions 1x1000 is created.
[02/23/2026-22:22:42] [I] Output binding for resnetv24_dense0_fwd with dimensions 1x1000 is created.
[02/23/2026-22:22:42] [I] Output binding for resnetv24_dense0_fwd with dimensions 1x1000 is created.
[02/23/2026-22:22:42] [I] Output binding for resnetv24_dense0_fwd with dimensions 1x1000 is created.
[02/23/2026-22:22:42] [I] Output binding for resnetv24_dense0_fwd with dimensions 1x1000 is created.
[02/23/2026-22:22:42] [I] Output binding for resnetv24_dense0_fwd with dimensions 1x1000 is created.
[02/23/2026-22:22:42] [I] Starting inference
[02/23/2026-22:42:42] [I] Warmup completed 40 queries over 200 ms
[02/23/2026-22:42:42] [I] Timing trace has 411888 queries over 1200.05 s
[02/23/2026-22:42:42] [I] 
[02/23/2026-22:42:42] [I] === Trace details ===
[02/23/2026-22:42:42] [I] Trace averages of 10 runs:
[02/23/2026-22:42:42] [I] Average on 10 runs - GPU latency: 22.9839 ms - Host latency: 23.0736 ms (enqueue 0.855679 ms)
[02/23/2026-22:42:42] [I] Average on 10 runs - GPU latency: 23.3287 ms - Host latency: 23.4108 ms (enqueue 0.964833 ms)
[02/23/2026-22:42:42] [I] Average on 10 runs - GPU latency: 23.1307 ms - Host latency: 23.2129 ms (enqueue 0.780617 ms)
[02/23/2026-22:42:42] [I] Average on 10 runs - GPU latency: 23.0246 ms - Host latency: 23.11 ms (enqueue 0.629645 ms)
[02/23/2026-22:42:42] [I] Average on 10 runs - GPU latency: 22.6638 ms - Host latency: 22.7433 ms (enqueue 0.594632 ms)
[02/23/2026-22:42:42] [I] Average on 10 runs - GPU latency: 22.5459 ms - Host latency: 22.6336 ms (enqueue 0.665265 ms)
[02/23/2026-22:42:42] [I] Average on 10 runs - GPU latency: 22.3737 ms - Host latency: 22.4603 ms (enqueue 0.701782 ms)
[02/23/2026-22:42:42] [I] Average on 10 runs - GPU latency: 22.3286 ms - Host latency: 22.4022 ms (enqueue 0.662427 ms)
[02/23/2026-22:42:42] [I] Average on 10 runs - GPU latency: 22.5552 ms - Host latency: 22.6391 ms (enqueue 0.633804 ms)
[02/23/2026-22:42:42] [I] Average on 10 runs - GPU latency: 22.5192 ms - Host latency: 22.596 ms (enqueue 0.664005 ms)
[02/23/2026-22:42:42] [I] Average on 10 runs - GPU latency: 22.6508 ms - Host latency: 22.7334 ms (enqueue 0.680441 ms)
[02/23/2026-22:42:42] [I] Average on 10 runs - GPU latency: 22.6765 ms - Host latency: 22.7591 ms (enqueue 0.692474 ms)
[02/23/2026-22:42:42] [I] Average on 10 runs - GPU latency: 22.3549 ms - Host latency: 22.4388 ms (enqueue 0.622797 ms)
[02/23/2026-22:42:42] [I] Average on 10 runs - GPU latency: 22.5338 ms - Host latency: 22.6055 ms (enqueue 0.607343 ms)
[02/23/2026-22:42:42] [I] Average on 10 runs - GPU latency: 22.8455 ms - Host latency: 22.9335 ms (enqueue 0.585291 ms)
[02/23/2026-22:42:42] [I] Average on 10 runs - GPU latency: 22.9838 ms - Host latency: 23.0667 ms (enqueue 0.679834 ms)
[02/23/2026-22:42:42] [I] Average on 10 runs - GPU latency: 23.0596 ms - Host latency: 23.1443 ms (enqueue 0.683502 ms)
[02/23/2026-22:42:42] [I] Average on 10 runs - GPU latency: 23.1191 ms - Host latency: 23.2036 ms (enqueue 0.650446 ms)
[02/23/2026-22:42:42] [I] Average on 10 runs - GPU latency: 23.0918 ms - Host latency: 23.1778 ms (enqueue 0.651611 ms)
[02/23/2026-22:42:42] [I] Average on 10 runs - GPU latency: 23.3199 ms - Host latency: 23.3981 ms (enqueue 0.601556 ms)
[02/23/2026-22:42:42] [I] Average on 10 runs - GPU latency: 23.6371 ms - Host latency: 23.7158 ms (enqueue 0.707312 ms)
[02/23/2026-22:42:42] [I] Average on 10 runs - GPU latency: 23.6612 ms - Host latency: 23.7344 ms (enqueue 0.627539 ms)
[02/23/2026-22:42:42] [I] Average on 10 runs - GPU latency: 23.5051 ms - Host latency: 23.5857 ms (enqueue 0.598657 ms)
[02/23/2026-22:42:42] [I] Average on 10 runs - GPU latency: 23.2253 ms - Host latency: 23.3047 ms (enqueue 0.591162 ms)
[02/23/2026-22:42:42] [I] Average on 10 runs - GPU latency: 23.0811 ms - Host latency: 23.1723 ms (enqueue 0.644696 ms)
[02/23/2026-22:42:42] [I] Average on 10 runs - GPU latency: 23.1465 ms - Host latency: 23.2257 ms (enqueue 0.714551 ms)
[02/23/2026-22:42:42] [I] Average on 10 runs - GPU latency: 23.2364 ms - Host latency: 23.318 ms (enqueue 0.68089 ms)
[02/23/2026-22:42:42] [I] Average on 10 runs - GPU latency: 23.0848 ms - Host latency: 23.1743 ms (enqueue 0.614697 ms)
[02/23/2026-22:42:42] [I] Average on 10 runs - GPU latency: 22.6652 ms - Host latency: 22.7467 ms (enqueue 0.608136 ms)
[02/23/2026-22:42:42] [I] Average on 10 runs - GPU latency: 23.0103 ms - Host latency: 23.0971 ms (enqueue 0.661682 ms)
[02/23/2026-22:42:42] [I] Average on 10 runs - GPU latency: 22.7337 ms - Host latency: 22.8202 ms (enqueue 0.68385 ms)
[02/23/2026-22:42:42] [I] Average on 10 runs - GPU latency: 22.5825 ms - Host latency: 22.658 ms (enqueue 0.611536 ms)
[02/23/2026-22:42:42] [I] Average on 10 runs - GPU latency: 22.2681 ms - Host latency: 22.3585 ms (enqueue 0.650537 ms)
[02/23/2026-22:42:42] [I] Average on 10 runs - GPU latency: 22.5057 ms - Host latency: 22.5906 ms (enqueue 0.632105 ms)
[02/23/2026-22:42:42] [I] Average on 10 runs - GPU latency: 22.4339 ms - Host latency: 22.5189 ms (enqueue 0.71864 ms)
[02/23/2026-22:42:42] [I] Average on 10 runs - GPU latency: 22.4816 ms - Host latency: 22.5616 ms (enqueue 0.69353 ms)
[02/23/2026-22:42:42] [I] Average on 10 runs - GPU latency: 22.3255 ms - Host latency: 22.4045 ms (enqueue 0.617078 ms)
[02/23/2026-22:42:42] [I] Average on 10 runs - GPU latency: 22.5005 ms - Host latency: 22.5811 ms (enqueue 0.599133 ms)
[02/23/2026-22:42:42] [I] Average on 10 runs - GPU latency: 22.6858 ms - Host latency: 22.7688 ms (enqueue 0.595984 ms)
[02/23/2026-22:42:42] [I] Average on 10 runs - GPU latency: 22.5798 ms - Host latency: 22.6607 ms (enqueue 0.684619 ms)
[02/23/2026-22:42:42] [I] Average on 10 runs - GPU latency: 22.8092 ms - Host latency: 22.8887 ms (enqueue 0.666736 ms)
[02/23/2026-22:42:42] [I] Average on 10 runs - GPU latency: 22.7219 ms - Host latency: 22.8062 ms (enqueue 0.609717 ms)
[02/23/2026-22:42:42] [I] Average on 10 runs - GPU latency: 22.661 ms - Host latency: 22.7413 ms (enqueue 0.652844 ms)
[02/23/2026-22:42:42] [I] Average on 10 runs - GPU latency: 22.5938 ms - Host latency: 22.684 ms (enqueue 0.663086 ms)
[02/23/2026-22:42:42] [I] Average on 10 runs - GPU latency: 22.76 ms - Host latency: 22.8431 ms (enqueue 0.71532 ms)
[02/23/2026-22:42:42] [I] Average on 10 runs - GPU latency: 22.8417 ms - Host latency: 22.9299 ms (enqueue 0.646069 ms)
[02/23/2026-22:42:42] [I] Average on 10 runs - GPU latency: 22.5619 ms - Host latency: 22.6529 ms (enqueue 0.601538 ms)
[02/23/2026-22:42:42] [I] Average on 10 runs - GPU latency: 22.4002 ms - Host latency: 22.4862 ms (enqueue 0.618591 ms)
[02/23/2026-22:42:42] [I] Average on 10 runs - GPU latency: 22.2791 ms - Host latency: 22.3652 ms (enqueue 0.660596 ms)
[02/23/2026-22:42:42] [I] Average on 10 runs - GPU latency: 22.1746 ms - Host latency: 22.2675 ms (enqueue 0.694043 ms)
[02/23/2026-22:42:42] [I] Average on 10 runs - GPU latency: 22.5246 ms - Host latency: 22.6082 ms (enqueue 0.665417 ms)
[02/23/2026-22:42:42] [I] Average on 10 runs - GPU latency: 22.466 ms - Host latency: 22.5496 ms (enqueue 0.655298 ms)
[02/23/2026-22:42:42] [I] Average on 10 runs - GPU latency: 22.5085 ms - Host latency: 22.6003 ms (enqueue 0.643738 ms)
[02/23/2026-22:42:42] [I] Average on 10 runs - GPU latency: 22.5844 ms - Host latency: 22.6724 ms (enqueue 0.68352 ms)
[02/23/2026-22:42:42] [I] Average on 10 runs - GPU latency: 22.3606 ms - Host latency: 22.4374 ms (enqueue 0.686475 ms)
[02/23/2026-22:42:42] [I] Average on 10 runs - GPU latency: 22.7286 ms - Host latency: 22.8065 ms (enqueue 0.62251 ms)
[02/23/2026-22:42:42] [I] Average on 10 runs - GPU latency: 23.3165 ms - Host latency: 23.3943 ms (enqueue 0.607666 ms)
[02/23/2026-22:42:42] [I] Average on 10 runs - GPU latency: 23.5756 ms - Host latency: 23.6481 ms (enqueue 0.632495 ms)
[02/23/2026-22:42:42] [I] Average on 10 runs - GPU latency: 23.4814 ms - Host latency: 23.5553 ms (enqueue 0.700012 ms)
[02/23/2026-22:42:42] [I] Average on 10 runs - GPU latency: 23.3073 ms - Host latency: 23.3834 ms (enqueue 0.688098 ms)
[02/23/2026-22:42:42] [I] Average on 10 runs - GPU latency: 23.0438 ms - Host latency: 23.1235 ms (enqueue 0.643262 ms)
[02/23/2026-22:42:42] [I] Average on 10 runs - GPU latency: 23.2847 ms - Host latency: 23.3671 ms (enqueue 0.594897 ms)
[02/23/2026-22:42:42] [I] Average on 10 runs - GPU latency: 23.341 ms - Host latency: 23.4326 ms (enqueue 0.63656 ms)
[02/23/2026-22:42:42] [I] Average on 10 runs - GPU latency: 22.7592 ms - Host latency: 22.8343 ms (enqueue 0.694959 ms)
[02/23/2026-22:42:42] [I] Average on 10 runs - GPU latency: 22.8536 ms - Host latency: 22.9351 ms (enqueue 0.608838 ms)
[02/23/2026-22:42:42] [I] Average on 10 runs - GPU latency: 22.9932 ms - Host latency: 23.0713 ms (enqueue 0.598499 ms)
[02/23/2026-22:42:42] [I] Average on 10 runs - GPU latency: 23.1165 ms - Host latency: 23.1917 ms (enqueue 0.590869 ms)
[02/23/2026-22:42:42] [I] Average on 10 runs - GPU latency: 23.1146 ms - Host latency: 23.1952 ms (enqueue 0.696265 ms)
[02/23/2026-22:42:42] [I] Average on 10 runs - GPU latency: 23.0085 ms - Host latency: 23.0969 ms (enqueue 0.729175 ms)
[02/23/2026-22:42:42] [I] Average on 10 runs - GPU latency: 22.8514 ms - Host latency: 22.9416 ms (enqueue 0.628369 ms)
[02/23/2026-22:42:42] [I] Average on 10 runs - GPU latency: 22.8118 ms - Host latency: 22.8941 ms (enqueue 0.601489 ms)
[02/23/2026-22:42:42] [I] Average on 10 runs - GPU latency: 23.1734 ms - Host latency: 23.2463 ms (enqueue 0.587695 ms)
[02/23/2026-22:42:42] [I] Average on 10 runs - GPU latency: 22.7101 ms - Host latency: 22.7931 ms (enqueue 0.723755 ms)
[02/23/2026-22:42:42] [I] Average on 10 runs - GPU latency: 22.9195 ms - Host latency: 23.0055 ms (enqueue 0.643286 ms)
[02/23/2026-22:42:42] [I] Average on 10 runs - GPU latency: 22.9227 ms - Host latency: 23.0068 ms (enqueue 0.597607 ms)
[02/23/2026-22:42:42] [I] Average on 10 runs - GPU latency: 22.495 ms - Host latency: 22.5813 ms (enqueue 0.611963 ms)
[02/23/2026-22:42:42] [I] Average on 10 runs - GPU latency: 22.8664 ms - Host latency: 22.948 ms (enqueue 0.694482 ms)
[02/23/2026-22:42:42] [I] Average on 10 runs - GPU latency: 22.9436 ms - Host latency: 23.0363 ms (enqueue 0.691016 ms)
[02/23/2026-22:42:42] [I] Average on 10 runs - GPU latency: 22.9924 ms - Host latency: 23.0722 ms (enqueue 0.62666 ms)
[02/23/2026-22:42:42] [I] Average on 10 runs - GPU latency: 22.5772 ms - Host latency: 22.6564 ms (enqueue 0.598267 ms)
[02/23/2026-22:42:42] [I] Average on 10 runs - GPU latency: 22.4353 ms - Host latency: 22.5127 ms (enqueue 0.600122 ms)
[02/23/2026-22:42:42] [I] Average on 10 runs - GPU latency: 22.4389 ms - Host latency: 22.5205 ms (enqueue 0.64668 ms)
[02/23/2026-22:42:42] [I] Average on 10 runs - GPU latency: 22.5038 ms - Host latency: 22.5941 ms (enqueue 0.709985 ms)
[02/23/2026-22:42:42] [I] Average on 10 runs - GPU latency: 22.615 ms - Host latency: 22.6976 ms (enqueue 0.620947 ms)
[02/23/2026-22:42:42] [I] Average on 10 runs - GPU latency: 22.1746 ms - Host latency: 22.2587 ms (enqueue 0.712817 ms)
[02/23/2026-22:42:42] [I] Average on 10 runs - GPU latency: 22.1665 ms - Host latency: 22.2468 ms (enqueue 0.639233 ms)
[02/23/2026-22:42:42] [I] Average on 10 runs - GPU latency: 22.9334 ms - Host latency: 23.019 ms (enqueue 0.687402 ms)
[02/23/2026-22:42:42] [I] Average on 10 runs - GPU latency: 23.72 ms - Host latency: 23.8063 ms (enqueue 0.668945 ms)
[02/23/2026-22:42:42] [I] Average on 10 runs - GPU latency: 23.6149 ms - Host latency: 23.6862 ms (enqueue 0.568311 ms)
[02/23/2026-22:42:42] [I] Average on 10 runs - GPU latency: 23.6351 ms - Host latency: 23.7221 ms (enqueue 0.575415 ms)
[02/23/2026-22:42:42] [I] Average on 10 runs - GPU latency: 23.2303 ms - Host latency: 23.3151 ms (enqueue 0.572876 ms)
[02/23/2026-22:42:42] [I] Average on 10 runs - GPU latency: 23.2327 ms - Host latency: 23.3135 ms (enqueue 0.655127 ms)
[02/23/2026-22:42:42] [I] Average on 10 runs - GPU latency: 23.1271 ms - Host latency: 23.2239 ms (enqueue 0.715698 ms)
[02/23/2026-22:42:42] [I] Average on 10 runs - GPU latency: 22.9906 ms - Host latency: 23.0727 ms (enqueue 0.637183 ms)
[02/23/2026-22:42:42] [I] Average on 10 runs - GPU latency: 22.9313 ms - Host latency: 23.0142 ms (enqueue 0.595508 ms)
[02/23/2026-22:42:42] [I] Average on 10 runs - GPU latency: 23.2333 ms - Host latency: 23.3156 ms (enqueue 0.590161 ms)
[02/23/2026-22:42:42] [I] Average on 10 runs - GPU latency: 23.1689 ms - Host latency: 23.2538 ms (enqueue 0.729785 ms)
[02/23/2026-22:42:42] [I] Average on 10 runs - GPU latency: 22.8979 ms - Host latency: 23.0004 ms (enqueue 0.644092 ms)
[02/23/2026-22:42:42] [I] Average on 10 runs - GPU latency: 23.2503 ms - Host latency: 23.3373 ms (enqueue 0.590161 ms)
[02/23/2026-22:42:42] [I] Average on 10 runs - GPU latency: 23.4162 ms - Host latency: 23.5074 ms (enqueue 0.58811 ms)
[02/23/2026-22:42:42] [I] Average on 10 runs - GPU latency: 23.2945 ms - Host latency: 23.3911 ms (enqueue 0.725635 ms)
[02/23/2026-22:42:42] [I] Average on 10 runs - GPU latency: 23.061 ms - Host latency: 23.1508 ms (enqueue 0.739526 ms)
[02/23/2026-22:42:42] [I] Average on 10 runs - GPU latency: 23.4738 ms - Host latency: 23.5591 ms (enqueue 0.694849 ms)
[02/23/2026-22:42:42] [I] Average on 10 runs - GPU latency: 23.2579 ms - Host latency: 23.3444 ms (enqueue 0.646899 ms)
[02/23/2026-22:42:42] [I] Average on 10 runs - GPU latency: 23.3396 ms - Host latency: 23.4305 ms (enqueue 0.633398 ms)
[02/23/2026-22:42:42] [I] Average on 10 runs - GPU latency: 23.3644 ms - Host latency: 23.4475 ms (enqueue 0.700537 ms)
[02/23/2026-22:42:42] [I] Average on 10 runs - GPU latency: 23.492 ms - Host latency: 23.5776 ms (enqueue 0.675537 ms)
[02/23/2026-22:42:42] [I] Average on 10 runs - GPU latency: 23.2994 ms - Host latency: 23.3858 ms (enqueue 0.603198 ms)
[02/23/2026-22:42:42] [I] Average on 10 runs - GPU latency: 23.2848 ms - Host latency: 23.3702 ms (enqueue 0.634131 ms)
[02/23/2026-22:42:42] [I] Average on 10 runs - GPU latency: 23.6717 ms - Host latency: 23.7564 ms (enqueue 0.66731 ms)
[02/23/2026-22:42:42] [I] Average on 10 runs - GPU latency: 23.8861 ms - Host latency: 23.973 ms (enqueue 0.702563 ms)
[02/23/2026-22:42:42] [I] Average on 10 runs - GPU latency: 23.7955 ms - Host latency: 23.8766 ms (enqueue 0.627954 ms)
[02/23/2026-22:42:42] [I] Average on 10 runs - GPU latency: 23.5822 ms - Host latency: 23.6591 ms (enqueue 0.600732 ms)
[02/23/2026-22:42:42] [I] Average on 10 runs - GPU latency: 23.6355 ms - Host latency: 23.7229 ms (enqueue 0.585278 ms)
[02/23/2026-22:42:42] [I] Average on 10 runs - GPU latency: 23.7842 ms - Host latency: 23.8673 ms (enqueue 0.647974 ms)
[02/23/2026-22:42:42] [I] Average on 10 runs - GPU latency: 23.7712 ms - Host latency: 23.8527 ms (enqueue 0.688232 ms)
[02/23/2026-22:42:42] [I] Average on 10 runs - GPU latency: 23.3374 ms - Host latency: 23.4167 ms (enqueue 0.653198 ms)
[02/23/2026-22:42:42] [I] Average on 10 runs - GPU latency: 23.498 ms - Host latency: 23.5757 ms (enqueue 0.652393 ms)
[02/23/2026-22:42:42] [I] Average on 10 runs - GPU latency: 23.2079 ms - Host latency: 23.2904 ms (enqueue 0.61936 ms)
[02/23/2026-22:42:42] [I] Average on 10 runs - GPU latency: 23.4916 ms - Host latency: 23.5803 ms (enqueue 0.6823 ms)
[02/23/2026-22:42:42] [I] Average on 10 runs - GPU latency: 23.2374 ms - Host latency: 23.3279 ms (enqueue 0.674292 ms)
[02/23/2026-22:42:42] [I] Average on 10 runs - GPU latency: 22.5712 ms - Host latency: 22.6532 ms (enqueue 0.611108 ms)
[02/23/2026-22:42:42] [I] Average on 10 runs - GPU latency: 22.7562 ms - Host latency: 22.8491 ms (enqueue 0.599048 ms)
[02/23/2026-22:42:42] [I] Average on 10 runs - GPU latency: 22.7865 ms - Host latency: 22.8751 ms (enqueue 0.600537 ms)
[02/23/2026-22:42:42] [I] Average on 10 runs - GPU latency: 22.6051 ms - Host latency: 22.6978 ms (enqueue 0.74353 ms)
[02/23/2026-22:42:42] [I] Average on 10 runs - GPU latency: 22.3307 ms - Host latency: 22.4173 ms (enqueue 0.686938 ms)
[02/23/2026-22:42:42] [I] Average on 10 runs - GPU latency: 22.8925 ms - Host latency: 22.9768 ms (enqueue 0.617065 ms)
[02/23/2026-22:42:42] [I] Average on 10 runs - GPU latency: 23.4761 ms - Host latency: 23.5549 ms (enqueue 0.611353 ms)
[02/23/2026-22:42:42] [I] Average on 10 runs - GPU latency: 23.388 ms - Host latency: 23.4638 ms (enqueue 0.632275 ms)
[02/23/2026-22:42:42] [I] Average on 10 runs - GPU latency: 22.9355 ms - Host latency: 23.0208 ms (enqueue 0.695239 ms)
[02/23/2026-22:42:42] [I] Average on 10 runs - GPU latency: 23.0828 ms - Host latency: 23.1648 ms (enqueue 0.590576 ms)
[02/23/2026-22:42:42] [I] Average on 10 runs - GPU latency: 23.4179 ms - Host latency: 23.4996 ms (enqueue 0.573218 ms)
[02/23/2026-22:42:42] [I] Average on 10 runs - GPU latency: 23.066 ms - Host latency: 23.1474 ms (enqueue 0.594604 ms)
[02/23/2026-22:42:42] [I] Average on 10 runs - GPU latency: 22.9429 ms - Host latency: 23.0301 ms (enqueue 0.634741 ms)
[02/23/2026-22:42:42] [I] Average on 10 runs - GPU latency: 22.9116 ms - Host latency: 22.9965 ms (enqueue 0.676245 ms)
[02/23/2026-22:42:42] [I] Average on 10 runs - GPU latency: 22.8385 ms - Host latency: 22.9225 ms (enqueue 0.59624 ms)
[02/23/2026-22:42:42] [I] Average on 10 runs - GPU latency: 23.0043 ms - Host latency: 23.0978 ms (enqueue 0.586035 ms)
[02/23/2026-22:42:42] [I] Average on 10 runs - GPU latency: 22.7746 ms - Host latency: 22.8576 ms (enqueue 0.62373 ms)
[02/23/2026-22:42:42] [I] Average on 10 runs - GPU latency: 22.7789 ms - Host latency: 22.8692 ms (enqueue 0.689111 ms)
[02/23/2026-22:42:42] [I] Average on 10 runs - GPU latency: 22.8747 ms - Host latency: 22.9574 ms (enqueue 0.686084 ms)
[02/23/2026-22:42:42] [I] Average on 10 runs - GPU latency: 23.1322 ms - Host latency: 23.2293 ms (enqueue 0.627539 ms)
[02/23/2026-22:42:42] [I] Average on 10 runs - GPU latency: 23.3591 ms - Host latency: 23.4461 ms (enqueue 0.65752 ms)
[02/23/2026-22:42:42] [I] Average on 10 runs - GPU latency: 22.9672 ms - Host latency: 23.0492 ms (enqueue 0.660937 ms)
[02/23/2026-22:42:42] [I] Average on 10 runs - GPU latency: 23.5097 ms - Host latency: 23.5994 ms (enqueue 0.736572 ms)
[02/23/2026-22:42:42] [I] Average on 10 runs - GPU latency: 23.5919 ms - Host latency: 23.6784 ms (enqueue 0.648877 ms)
[02/23/2026-22:42:42] [I] Average on 10 runs - GPU latency: 23.4422 ms - Host latency: 23.5214 ms (enqueue 0.605518 ms)
[02/23/2026-22:42:42] [I] Average on 10 runs - GPU latency: 23.5917 ms - Host latency: 23.681 ms (enqueue 0.580713 ms)
[02/23/2026-22:42:42] [I] Average on 10 runs - GPU latency: 23.3994 ms - Host latency: 23.4778 ms (enqueue 0.645361 ms)
[02/23/2026-22:42:42] [I] Average on 10 runs - GPU latency: 23.1949 ms - Host latency: 23.2823 ms (enqueue 0.709277 ms)
[02/23/2026-22:42:42] [I] Average on 10 runs - GPU latency: 23.0917 ms - Host latency: 23.1725 ms (enqueue 0.668701 ms)
[02/23/2026-22:42:42] [I] Average on 10 runs - GPU latency: 22.8056 ms - Host latency: 22.8894 ms (enqueue 0.630371 ms)
[02/23/2026-22:42:42] [I] Average on 10 runs - GPU latency: 23.3532 ms - Host latency: 23.4353 ms (enqueue 0.595654 ms)
[02/23/2026-22:42:42] [I] Average on 10 runs - GPU latency: 23.5313 ms - Host latency: 23.6321 ms (enqueue 0.71333 ms)
[02/23/2026-22:42:42] [I] Average on 10 runs - GPU latency: 22.9833 ms - Host latency: 23.0672 ms (enqueue 0.678662 ms)
[02/23/2026-22:42:42] [I] Average on 10 runs - GPU latency: 22.9252 ms - Host latency: 23.0081 ms (enqueue 0.567139 ms)
[02/23/2026-22:42:42] [I] Average on 10 runs - GPU latency: 22.83 ms - Host latency: 22.9174 ms (enqueue 0.568555 ms)
[02/23/2026-22:42:42] [I] Average on 10 runs - GPU latency: 22.8318 ms - Host latency: 22.9158 ms (enqueue 0.547022 ms)
[02/23/2026-22:42:42] [I] Average on 10 runs - GPU latency: 22.6771 ms - Host latency: 22.767 ms (enqueue 0.574512 ms)
[02/23/2026-22:42:42] [I] Average on 10 runs - GPU latency: 22.7725 ms - Host latency: 22.8645 ms (enqueue 0.581396 ms)
[02/23/2026-22:42:42] [I] Average on 10 runs - GPU latency: 22.8202 ms - Host latency: 22.898 ms (enqueue 0.571387 ms)
[02/23/2026-22:42:42] [I] Average on 10 runs - GPU latency: 23.2034 ms - Host latency: 23.2897 ms (enqueue 0.574609 ms)
[02/23/2026-22:42:42] [I] Average on 10 runs - GPU latency: 23.6477 ms - Host latency: 23.7307 ms (enqueue 0.576514 ms)
[02/23/2026-22:42:42] [I] Average on 10 runs - GPU latency: 23.6251 ms - Host latency: 23.699 ms (enqueue 0.587891 ms)
[02/23/2026-22:42:42] [I] Average on 10 runs - GPU latency: 23.5588 ms - Host latency: 23.6394 ms (enqueue 0.589111 ms)
[02/23/2026-22:42:42] [I] Average on 10 runs - GPU latency: 23.3493 ms - Host latency: 23.4363 ms (enqueue 0.588232 ms)
[02/23/2026-22:42:42] [I] Average on 10 runs - GPU latency: 23.3105 ms - Host latency: 23.3966 ms (enqueue 0.584619 ms)
[02/23/2026-22:42:42] [I] Average on 10 runs - GPU latency: 23.0437 ms - Host latency: 23.1281 ms (enqueue 0.599316 ms)
[02/23/2026-22:42:42] [I] Average on 10 runs - GPU latency: 22.878 ms - Host latency: 22.9613 ms (enqueue 0.591504 ms)
[02/23/2026-22:42:42] [I] Average on 10 runs - GPU latency: 23.254 ms - Host latency: 23.3382 ms (enqueue 0.583643 ms)
[02/23/2026-22:42:42] [I] Average on 10 runs - GPU latency: 22.9909 ms - Host latency: 23.0753 ms (enqueue 0.579834 ms)
[02/23/2026-22:42:42] [I] Average on 10 runs - GPU latency: 22.685 ms - Host latency: 22.7636 ms (enqueue 0.587402 ms)
[02/23/2026-22:42:42] [I] Average on 10 runs - GPU latency: 22.4476 ms - Host latency: 22.5438 ms (enqueue 0.631055 ms)
[02/23/2026-22:42:42] [I] Average on 10 runs - GPU latency: 23.0146 ms - Host latency: 23.1042 ms (enqueue 0.584814 ms)
[02/23/2026-22:42:42] [I] Average on 10 runs - GPU latency: 23.0268 ms - Host latency: 23.1161 ms (enqueue 0.554541 ms)
[02/23/2026-22:42:42] [I] Average on 10 runs - GPU latency: 22.7779 ms - Host latency: 22.873 ms (enqueue 0.559424 ms)
[02/23/2026-22:42:42] [I] Average on 10 runs - GPU latency: 22.9237 ms - Host latency: 23.0136 ms (enqueue 0.567139 ms)
[02/23/2026-22:42:42] [I] Average on 10 runs - GPU latency: 22.4901 ms - Host latency: 22.5765 ms (enqueue 0.580322 ms)
[02/23/2026-22:42:42] [I] Average on 10 runs - GPU latency: 22.5042 ms - Host latency: 22.5899 ms (enqueue 0.576465 ms)
[02/23/2026-22:42:42] [I] Average on 10 runs - GPU latency: 22.1919 ms - Host latency: 22.2714 ms (enqueue 0.577051 ms)
[02/23/2026-22:42:42] [I] Average on 10 runs - GPU latency: 22.3979 ms - Host latency: 22.4757 ms (enqueue 0.571338 ms)
[02/23/2026-22:42:42] [I] Average on 10 runs - GPU latency: 21.981 ms - Host latency: 22.07 ms (enqueue 0.588623 ms)
[02/23/2026-22:42:42] [I] Average on 10 runs - GPU latency: 22.1767 ms - Host latency: 22.2541 ms (enqueue 0.594434 ms)
[02/23/2026-22:42:42] [I] Average on 10 runs - GPU latency: 22.8349 ms - Host latency: 22.9181 ms (enqueue 0.593457 ms)
[02/23/2026-22:42:42] [I] Average on 10 runs - GPU latency: 22.8294 ms - Host latency: 22.9172 ms (enqueue 0.581348 ms)
[02/23/2026-22:42:42] [I] Average on 10 runs - GPU latency: 22.4259 ms - Host latency: 22.5195 ms (enqueue 0.590479 ms)
[02/23/2026-22:42:42] [I] Average on 10 runs - GPU latency: 22.815 ms - Host latency: 22.8995 ms (enqueue 0.594043 ms)
[02/23/2026-22:42:42] [I] Average on 10 runs - GPU latency: 23.214 ms - Host latency: 23.3043 ms (enqueue 0.591309 ms)
[02/23/2026-22:42:42] [I] Average on 10 runs - GPU latency: 23.3761 ms - Host latency: 23.4588 ms (enqueue 0.591455 ms)
[02/23/2026-22:42:42] [I] Average on 10 runs - GPU latency: 23.7104 ms - Host latency: 23.7921 ms (enqueue 0.580371 ms)
[02/23/2026-22:42:42] [I] Average on 10 runs - GPU latency: 23.6186 ms - Host latency: 23.6917 ms (enqueue 0.5729 ms)
[02/23/2026-22:42:42] [I] Average on 10 runs - GPU latency: 22.8141 ms - Host latency: 22.8914 ms (enqueue 0.564795 ms)
[02/23/2026-22:42:42] [I] Average on 10 runs - GPU latency: 22.589 ms - Host latency: 22.6634 ms (enqueue 0.559717 ms)
[02/23/2026-22:42:42] [I] Average on 10 runs - GPU latency: 23.2794 ms - Host latency: 23.3574 ms (enqueue 0.56543 ms)
[02/23/2026-22:42:42] [I] Average on 10 runs - GPU latency: 23.352 ms - Host latency: 23.4358 ms (enqueue 0.570459 ms)
[02/23/2026-22:42:42] [I] Average on 10 runs - GPU latency: 23.168 ms - Host latency: 23.2523 ms (enqueue 0.566455 ms)
[02/23/2026-22:42:42] [I] Average on 10 runs - GPU latency: 23.2262 ms - Host latency: 23.3146 ms (enqueue 0.550537 ms)
[02/23/2026-22:42:42] [I] Average on 10 runs - GPU latency: 23.3188 ms - Host latency: 23.4031 ms (enqueue 0.561523 ms)
[02/23/2026-22:42:42] [I] Average on 10 runs - GPU latency: 23.5415 ms - Host latency: 23.6272 ms (enqueue 0.55708 ms)
[02/23/2026-22:42:42] [I] Average on 10 runs - GPU latency: 23.2518 ms - Host latency: 23.3344 ms (enqueue 0.556934 ms)
[02/23/2026-22:42:42] [I] Average on 10 runs - GPU latency: 23.4509 ms - Host latency: 23.5347 ms (enqueue 0.590869 ms)
[02/23/2026-22:42:42] [I] ... Omitting 407888 lines
[02/23/2026-22:42:42] [I] Average on 10 runs - GPU latency: 23.325 ms - Host latency: 23.375 ms (enqueue 0.5875 ms)
[02/23/2026-22:42:42] [I] Average on 10 runs - GPU latency: 23.2 ms - Host latency: 23.3 ms (enqueue 0.7375 ms)
[02/23/2026-22:42:42] [I] Average on 10 runs - GPU latency: 23.1 ms - Host latency: 23.175 ms (enqueue 0.6875 ms)
[02/23/2026-22:42:42] [I] Average on 10 runs - GPU latency: 23.2875 ms - Host latency: 23.375 ms (enqueue 0.6 ms)
[02/23/2026-22:42:42] [I] Average on 10 runs - GPU latency: 23.4625 ms - Host latency: 23.6 ms (enqueue 0.5875 ms)
[02/23/2026-22:42:42] [I] Average on 10 runs - GPU latency: 23.55 ms - Host latency: 23.6625 ms (enqueue 0.625 ms)
[02/23/2026-22:42:42] [I] Average on 10 runs - GPU latency: 23.2125 ms - Host latency: 23.3125 ms (enqueue 0.675 ms)
[02/23/2026-22:42:42] [I] Average on 10 runs - GPU latency: 23.5125 ms - Host latency: 23.625 ms (enqueue 0.6125 ms)
[02/23/2026-22:42:42] [I] Average on 10 runs - GPU latency: 23.5375 ms - Host latency: 23.625 ms (enqueue 0.5625 ms)
[02/23/2026-22:42:42] [I] Average on 10 runs - GPU latency: 23.675 ms - Host latency: 23.725 ms (enqueue 0.6125 ms)
[02/23/2026-22:42:42] [I] Average on 10 runs - GPU latency: 23.725 ms - Host latency: 23.8375 ms (enqueue 0.725 ms)
[02/23/2026-22:42:42] [I] Average on 10 runs - GPU latency: 23.4375 ms - Host latency: 23.5125 ms (enqueue 0.65 ms)
[02/23/2026-22:42:42] [I] Average on 10 runs - GPU latency: 23.4375 ms - Host latency: 23.525 ms (enqueue 0.575 ms)
[02/23/2026-22:42:42] [I] Average on 10 runs - GPU latency: 23.25 ms - Host latency: 23.3625 ms (enqueue 0.575 ms)
[02/23/2026-22:42:42] [I] Average on 10 runs - GPU latency: 23.5 ms - Host latency: 23.6125 ms (enqueue 0.6375 ms)
[02/23/2026-22:42:42] [I] Average on 10 runs - GPU latency: 23.2 ms - Host latency: 23.3 ms (enqueue 0.675 ms)
[02/23/2026-22:42:42] [I] Average on 10 runs - GPU latency: 22.975 ms - Host latency: 23.0625 ms (enqueue 0.625 ms)
[02/23/2026-22:42:42] [I] Average on 10 runs - GPU latency: 22.8625 ms - Host latency: 22.9625 ms (enqueue 0.625 ms)
[02/23/2026-22:42:42] [I] Average on 10 runs - GPU latency: 23.2125 ms - Host latency: 23.3 ms (enqueue 0.65 ms)
[02/23/2026-22:42:42] [I] Average on 10 runs - GPU latency: 23.1875 ms - Host latency: 23.3125 ms (enqueue 0.6625 ms)
[02/23/2026-22:42:42] [I] Average on 10 runs - GPU latency: 23.45 ms - Host latency: 23.525 ms (enqueue 0.675 ms)
[02/23/2026-22:42:42] [I] Average on 10 runs - GPU latency: 23.5625 ms - Host latency: 23.6375 ms (enqueue 0.5625 ms)
[02/23/2026-22:42:42] [I] Average on 10 runs - GPU latency: 23.2375 ms - Host latency: 23.3375 ms (enqueue 0.5875 ms)
[02/23/2026-22:42:42] [I] Average on 10 runs - GPU latency: 23.2125 ms - Host latency: 23.2625 ms (enqueue 0.6 ms)
[02/23/2026-22:42:42] [I] Average on 10 runs - GPU latency: 23.1625 ms - Host latency: 23.2875 ms (enqueue 0.6875 ms)
[02/23/2026-22:42:42] [I] Average on 10 runs - GPU latency: 23.125 ms - Host latency: 23.2125 ms (enqueue 0.675 ms)
[02/23/2026-22:42:42] [I] Average on 10 runs - GPU latency: 22.9625 ms - Host latency: 23.05 ms (enqueue 0.7 ms)
[02/23/2026-22:42:42] [I] Average on 10 runs - GPU latency: 23.2875 ms - Host latency: 23.4 ms (enqueue 0.6625 ms)
[02/23/2026-22:42:42] [I] Average on 10 runs - GPU latency: 23.5 ms - Host latency: 23.5875 ms (enqueue 0.65 ms)
[02/23/2026-22:42:42] [I] Average on 10 runs - GPU latency: 22.85 ms - Host latency: 22.925 ms (enqueue 0.7125 ms)
[02/23/2026-22:42:42] [I] Average on 10 runs - GPU latency: 22.675 ms - Host latency: 22.775 ms (enqueue 0.5875 ms)
[02/23/2026-22:42:42] [I] Average on 10 runs - GPU latency: 22.9125 ms - Host latency: 22.9875 ms (enqueue 0.5625 ms)
[02/23/2026-22:42:42] [I] Average on 10 runs - GPU latency: 23.225 ms - Host latency: 23.325 ms (enqueue 0.6 ms)
[02/23/2026-22:42:42] [I] Average on 10 runs - GPU latency: 23.2875 ms - Host latency: 23.375 ms (enqueue 0.6 ms)
[02/23/2026-22:42:42] [I] Average on 10 runs - GPU latency: 22.825 ms - Host latency: 22.875 ms (enqueue 0.7 ms)
[02/23/2026-22:42:42] [I] Average on 10 runs - GPU latency: 22.9 ms - Host latency: 22.9625 ms (enqueue 0.625 ms)
[02/23/2026-22:42:42] [I] Average on 10 runs - GPU latency: 23.15 ms - Host latency: 23.3 ms (enqueue 0.575 ms)
[02/23/2026-22:42:42] [I] Average on 10 runs - GPU latency: 23.3125 ms - Host latency: 23.425 ms (enqueue 0.6125 ms)
[02/23/2026-22:42:42] [I] Average on 10 runs - GPU latency: 23.2875 ms - Host latency: 23.4 ms (enqueue 0.625 ms)
[02/23/2026-22:42:42] [I] Average on 10 runs - GPU latency: 23.25 ms - Host latency: 23.375 ms (enqueue 0.675 ms)
[02/23/2026-22:42:42] [I] Average on 10 runs - GPU latency: 23.5 ms - Host latency: 23.5875 ms (enqueue 0.575 ms)
[02/23/2026-22:42:42] [I] Average on 10 runs - GPU latency: 23.525 ms - Host latency: 23.5875 ms (enqueue 0.575 ms)
[02/23/2026-22:42:42] [I] Average on 10 runs - GPU latency: 23.425 ms - Host latency: 23.525 ms (enqueue 0.6 ms)
[02/23/2026-22:42:42] [I] Average on 10 runs - GPU latency: 23.6 ms - Host latency: 23.6875 ms (enqueue 0.6875 ms)
[02/23/2026-22:42:42] [I] Average on 10 runs - GPU latency: 23.625 ms - Host latency: 23.6625 ms (enqueue 0.6875 ms)
[02/23/2026-22:42:42] [I] Average on 10 runs - GPU latency: 23.7 ms - Host latency: 23.8125 ms (enqueue 0.5875 ms)
[02/23/2026-22:42:42] [I] Average on 10 runs - GPU latency: 23.725 ms - Host latency: 23.8375 ms (enqueue 0.6125 ms)
[02/23/2026-22:42:42] [I] Average on 10 runs - GPU latency: 23.6625 ms - Host latency: 23.7625 ms (enqueue 0.575 ms)
[02/23/2026-22:42:42] [I] Average on 10 runs - GPU latency: 23.3125 ms - Host latency: 23.3875 ms (enqueue 0.725 ms)
[02/23/2026-22:42:42] [I] Average on 10 runs - GPU latency: 22.975 ms - Host latency: 23.0625 ms (enqueue 0.675 ms)
[02/23/2026-22:42:42] [I] Average on 10 runs - GPU latency: 23.15 ms - Host latency: 23.2375 ms (enqueue 0.6375 ms)
[02/23/2026-22:42:42] [I] Average on 10 runs - GPU latency: 23.2625 ms - Host latency: 23.375 ms (enqueue 0.6625 ms)
[02/23/2026-22:42:42] [I] Average on 10 runs - GPU latency: 23.25 ms - Host latency: 23.3125 ms (enqueue 0.7 ms)
[02/23/2026-22:42:42] [I] Average on 10 runs - GPU latency: 23.1625 ms - Host latency: 23.275 ms (enqueue 0.675 ms)
[02/23/2026-22:42:42] [I] Average on 10 runs - GPU latency: 23.0875 ms - Host latency: 23.2 ms (enqueue 0.6 ms)
[02/23/2026-22:42:42] [I] Average on 10 runs - GPU latency: 23.2125 ms - Host latency: 23.3125 ms (enqueue 0.5875 ms)
[02/23/2026-22:42:42] [I] Average on 10 runs - GPU latency: 23 ms - Host latency: 23.1125 ms (enqueue 0.575 ms)
[02/23/2026-22:42:42] [I] Average on 10 runs - GPU latency: 23.2375 ms - Host latency: 23.325 ms (enqueue 0.6875 ms)
[02/23/2026-22:42:42] [I] Average on 10 runs - GPU latency: 23.275 ms - Host latency: 23.3625 ms (enqueue 0.7125 ms)
[02/23/2026-22:42:42] [I] Average on 10 runs - GPU latency: 23.5375 ms - Host latency: 23.625 ms (enqueue 0.6875 ms)
[02/23/2026-22:42:42] [I] Average on 10 runs - GPU latency: 23.4625 ms - Host latency: 23.525 ms (enqueue 0.7 ms)
[02/23/2026-22:42:42] [I] Average on 10 runs - GPU latency: 23.2375 ms - Host latency: 23.325 ms (enqueue 0.6625 ms)
[02/23/2026-22:42:42] [I] Average on 10 runs - GPU latency: 23.125 ms - Host latency: 23.225 ms (enqueue 0.7 ms)
[02/23/2026-22:42:42] [I] Average on 10 runs - GPU latency: 23.25 ms - Host latency: 23.3625 ms (enqueue 0.65 ms)
[02/23/2026-22:42:42] [I] Average on 10 runs - GPU latency: 23.2875 ms - Host latency: 23.3875 ms (enqueue 0.575 ms)
[02/23/2026-22:42:42] [I] Average on 10 runs - GPU latency: 23.325 ms - Host latency: 23.425 ms (enqueue 0.6 ms)
[02/23/2026-22:42:42] [I] Average on 10 runs - GPU latency: 23.25 ms - Host latency: 23.35 ms (enqueue 0.6375 ms)
[02/23/2026-22:42:42] [I] Average on 10 runs - GPU latency: 23.2875 ms - Host latency: 23.4125 ms (enqueue 0.7125 ms)
[02/23/2026-22:42:42] [I] Average on 10 runs - GPU latency: 23.3875 ms - Host latency: 23.45 ms (enqueue 0.675 ms)
[02/23/2026-22:42:42] [I] Average on 10 runs - GPU latency: 23.225 ms - Host latency: 23.3375 ms (enqueue 0.5875 ms)
[02/23/2026-22:42:42] [I] Average on 10 runs - GPU latency: 23.0875 ms - Host latency: 23.1625 ms (enqueue 0.6 ms)
[02/23/2026-22:42:42] [I] Average on 10 runs - GPU latency: 23.15 ms - Host latency: 23.2875 ms (enqueue 0.6375 ms)
[02/23/2026-22:42:42] [I] Average on 10 runs - GPU latency: 23.15 ms - Host latency: 23.2375 ms (enqueue 0.7 ms)
[02/23/2026-22:42:42] [I] Average on 10 runs - GPU latency: 23.2875 ms - Host latency: 23.3625 ms (enqueue 0.6375 ms)
[02/23/2026-22:42:42] [I] Average on 10 runs - GPU latency: 23.0625 ms - Host latency: 23.0875 ms (enqueue 0.5875 ms)
[02/23/2026-22:42:42] [I] Average on 10 runs - GPU latency: 23.2125 ms - Host latency: 23.2875 ms (enqueue 0.625 ms)
[02/23/2026-22:42:42] [I] Average on 10 runs - GPU latency: 22.9625 ms - Host latency: 23.1 ms (enqueue 0.7 ms)
[02/23/2026-22:42:42] [I] Average on 10 runs - GPU latency: 23.1875 ms - Host latency: 23.25 ms (enqueue 0.65 ms)
[02/23/2026-22:42:42] [I] Average on 10 runs - GPU latency: 23.275 ms - Host latency: 23.3375 ms (enqueue 0.6125 ms)
[02/23/2026-22:42:42] [I] Average on 10 runs - GPU latency: 23.55 ms - Host latency: 23.6 ms (enqueue 0.6 ms)
[02/23/2026-22:42:42] [I] Average on 10 runs - GPU latency: 23.85 ms - Host latency: 23.9125 ms (enqueue 0.65 ms)
[02/23/2026-22:42:42] [I] Average on 10 runs - GPU latency: 23.3875 ms - Host latency: 23.5 ms (enqueue 0.6875 ms)
[02/23/2026-22:42:42] [I] Average on 10 runs - GPU latency: 23.325 ms - Host latency: 23.4125 ms (enqueue 0.6375 ms)
[02/23/2026-22:42:42] [I] Average on 10 runs - GPU latency: 23.4 ms - Host latency: 23.525 ms (enqueue 0.6375 ms)
[02/23/2026-22:42:42] [I] Average on 10 runs - GPU latency: 23.575 ms - Host latency: 23.65 ms (enqueue 0.6125 ms)
[02/23/2026-22:42:42] [I] Average on 10 runs - GPU latency: 23.775 ms - Host latency: 23.8625 ms (enqueue 0.7 ms)
[02/23/2026-22:42:42] [I] Average on 10 runs - GPU latency: 23.625 ms - Host latency: 23.6875 ms (enqueue 0.6 ms)
[02/23/2026-22:42:42] [I] Average on 10 runs - GPU latency: 23.4125 ms - Host latency: 23.4625 ms (enqueue 0.5875 ms)
[02/23/2026-22:42:42] [I] Average on 10 runs - GPU latency: 23.525 ms - Host latency: 23.625 ms (enqueue 0.5875 ms)
[02/23/2026-22:42:42] [I] Average on 10 runs - GPU latency: 23.8875 ms - Host latency: 23.9875 ms (enqueue 0.6 ms)
[02/23/2026-22:42:42] [I] Average on 10 runs - GPU latency: 23.55 ms - Host latency: 23.6375 ms (enqueue 0.7 ms)
[02/23/2026-22:42:42] [I] Average on 10 runs - GPU latency: 23.3125 ms - Host latency: 23.3875 ms (enqueue 0.675 ms)
[02/23/2026-22:42:42] [I] Average on 10 runs - GPU latency: 22.925 ms - Host latency: 23 ms (enqueue 0.6375 ms)
[02/23/2026-22:42:42] [I] Average on 10 runs - GPU latency: 23.0875 ms - Host latency: 23.1625 ms (enqueue 0.5875 ms)
[02/23/2026-22:42:42] [I] Average on 10 runs - GPU latency: 23.45 ms - Host latency: 23.5 ms (enqueue 0.65 ms)
[02/23/2026-22:42:42] [I] Average on 10 runs - GPU latency: 23.45 ms - Host latency: 23.525 ms (enqueue 0.7 ms)
[02/23/2026-22:42:42] [I] Average on 10 runs - GPU latency: 23.5375 ms - Host latency: 23.6125 ms (enqueue 0.6125 ms)
[02/23/2026-22:42:42] [I] Average on 10 runs - GPU latency: 23.4 ms - Host latency: 23.475 ms (enqueue 0.5875 ms)
[02/23/2026-22:42:42] [I] Average on 10 runs - GPU latency: 23.5875 ms - Host latency: 23.7 ms (enqueue 0.6375 ms)
[02/23/2026-22:42:42] [I] Average on 10 runs - GPU latency: 23.3125 ms - Host latency: 23.375 ms (enqueue 0.7 ms)
[02/23/2026-22:42:42] [I] Average on 10 runs - GPU latency: 23.55 ms - Host latency: 23.6375 ms (enqueue 0.6625 ms)
[02/23/2026-22:42:42] [I] Average on 10 runs - GPU latency: 23.7375 ms - Host latency: 23.8125 ms (enqueue 0.5625 ms)
[02/23/2026-22:42:42] [I] Average on 10 runs - GPU latency: 23.7125 ms - Host latency: 23.7625 ms (enqueue 0.575 ms)
[02/23/2026-22:42:42] [I] Average on 10 runs - GPU latency: 23.65 ms - Host latency: 23.725 ms (enqueue 0.675 ms)
[02/23/2026-22:42:42] [I] Average on 10 runs - GPU latency: 23.55 ms - Host latency: 23.6875 ms (enqueue 0.6875 ms)
[02/23/2026-22:42:42] [I] Average on 10 runs - GPU latency: 23.35 ms - Host latency: 23.425 ms (enqueue 0.575 ms)
[02/23/2026-22:42:42] [I] Average on 10 runs - GPU latency: 23.425 ms - Host latency: 23.475 ms (enqueue 0.5875 ms)
[02/23/2026-22:42:42] [I] Average on 10 runs - GPU latency: 23.6 ms - Host latency: 23.6875 ms (enqueue 0.65 ms)
[02/23/2026-22:42:42] [I] Average on 10 runs - GPU latency: 23.5625 ms - Host latency: 23.6375 ms (enqueue 0.75 ms)
[02/23/2026-22:42:42] [I] Average on 10 runs - GPU latency: 23.3625 ms - Host latency: 23.425 ms (enqueue 0.6375 ms)
[02/23/2026-22:42:42] [I] Average on 10 runs - GPU latency: 23.4875 ms - Host latency: 23.575 ms (enqueue 0.5875 ms)
[02/23/2026-22:42:42] [I] Average on 10 runs - GPU latency: 23.35 ms - Host latency: 23.4125 ms (enqueue 0.6125 ms)
[02/23/2026-22:42:42] [I] Average on 10 runs - GPU latency: 23.0875 ms - Host latency: 23.1375 ms (enqueue 0.6125 ms)
[02/23/2026-22:42:42] [I] Average on 10 runs - GPU latency: 22.8625 ms - Host latency: 22.9625 ms (enqueue 0.6875 ms)
[02/23/2026-22:42:42] [I] Average on 10 runs - GPU latency: 23.05 ms - Host latency: 23.15 ms (enqueue 0.6375 ms)
[02/23/2026-22:42:42] [I] Average on 10 runs - GPU latency: 23 ms - Host latency: 23.0875 ms (enqueue 0.6125 ms)
[02/23/2026-22:42:42] [I] Average on 10 runs - GPU latency: 23.1 ms - Host latency: 23.175 ms (enqueue 0.6875 ms)
[02/23/2026-22:42:42] [I] Average on 10 runs - GPU latency: 23.175 ms - Host latency: 23.275 ms (enqueue 0.6625 ms)
[02/23/2026-22:42:42] [I] Average on 10 runs - GPU latency: 23.3 ms - Host latency: 23.3625 ms (enqueue 0.6875 ms)
[02/23/2026-22:42:42] [I] Average on 10 runs - GPU latency: 23.275 ms - Host latency: 23.4 ms (enqueue 0.6125 ms)
[02/23/2026-22:42:42] [I] Average on 10 runs - GPU latency: 23.4625 ms - Host latency: 23.5125 ms (enqueue 0.5875 ms)
[02/23/2026-22:42:42] [I] Average on 10 runs - GPU latency: 23.3875 ms - Host latency: 23.475 ms (enqueue 0.5875 ms)
[02/23/2026-22:42:42] [I] Average on 10 runs - GPU latency: 22.9625 ms - Host latency: 23.1 ms (enqueue 0.7125 ms)
[02/23/2026-22:42:42] [I] Average on 10 runs - GPU latency: 23.1375 ms - Host latency: 23.2125 ms (enqueue 0.6625 ms)
[02/23/2026-22:42:42] [I] Average on 10 runs - GPU latency: 23.1125 ms - Host latency: 23.2 ms (enqueue 0.675 ms)
[02/23/2026-22:42:42] [I] Average on 10 runs - GPU latency: 23.1125 ms - Host latency: 23.1875 ms (enqueue 0.6625 ms)
[02/23/2026-22:42:42] [I] Average on 10 runs - GPU latency: 23.275 ms - Host latency: 23.35 ms (enqueue 0.6375 ms)
[02/23/2026-22:42:42] [I] Average on 10 runs - GPU latency: 23.2375 ms - Host latency: 23.3125 ms (enqueue 0.725 ms)
[02/23/2026-22:42:42] [I] Average on 10 runs - GPU latency: 23.1625 ms - Host latency: 23.2625 ms (enqueue 0.625 ms)
[02/23/2026-22:42:42] [I] Average on 10 runs - GPU latency: 23.3375 ms - Host latency: 23.45 ms (enqueue 0.6375 ms)
[02/23/2026-22:42:42] [I] Average on 10 runs - GPU latency: 23.5875 ms - Host latency: 23.6625 ms (enqueue 0.65 ms)
[02/23/2026-22:42:42] [I] Average on 10 runs - GPU latency: 23.8375 ms - Host latency: 23.9125 ms (enqueue 0.65 ms)
[02/23/2026-22:42:42] [I] Average on 10 runs - GPU latency: 23.425 ms - Host latency: 23.5375 ms (enqueue 0.7625 ms)
[02/23/2026-22:42:42] [I] Average on 10 runs - GPU latency: 23.3125 ms - Host latency: 23.375 ms (enqueue 0.65 ms)
[02/23/2026-22:42:42] [I] Average on 10 runs - GPU latency: 23.5 ms - Host latency: 23.5875 ms (enqueue 0.6 ms)
[02/23/2026-22:42:42] [I] Average on 10 runs - GPU latency: 23.4875 ms - Host latency: 23.6 ms (enqueue 0.5875 ms)
[02/23/2026-22:42:42] [I] Average on 10 runs - GPU latency: 23.2625 ms - Host latency: 23.375 ms (enqueue 0.6875 ms)
[02/23/2026-22:42:42] [I] Average on 10 runs - GPU latency: 22.9875 ms - Host latency: 23.075 ms (enqueue 0.6375 ms)
[02/23/2026-22:42:42] [I] Average on 10 runs - GPU latency: 22.975 ms - Host latency: 23.075 ms (enqueue 0.5875 ms)
[02/23/2026-22:42:42] [I] Average on 10 runs - GPU latency: 23.0375 ms - Host latency: 23.1125 ms (enqueue 0.5875 ms)
[02/23/2026-22:42:42] [I] Average on 10 runs - GPU latency: 23.0875 ms - Host latency: 23.175 ms (enqueue 0.65 ms)
[02/23/2026-22:42:42] [I] Average on 10 runs - GPU latency: 23.0875 ms - Host latency: 23.1875 ms (enqueue 0.6875 ms)
[02/23/2026-22:42:42] [I] Average on 10 runs - GPU latency: 23.15 ms - Host latency: 23.2625 ms (enqueue 0.625 ms)
[02/23/2026-22:42:42] [I] Average on 10 runs - GPU latency: 23.1 ms - Host latency: 23.1875 ms (enqueue 0.6125 ms)
[02/23/2026-22:42:42] [I] Average on 10 runs - GPU latency: 23.2375 ms - Host latency: 23.3625 ms (enqueue 0.575 ms)
[02/23/2026-22:42:42] [I] Average on 10 runs - GPU latency: 23.375 ms - Host latency: 23.4625 ms (enqueue 0.65 ms)
[02/23/2026-22:42:42] [I] Average on 10 runs - GPU latency: 23.3875 ms - Host latency: 23.4625 ms (enqueue 0.6875 ms)
[02/23/2026-22:42:42] [I] Average on 10 runs - GPU latency: 23.625 ms - Host latency: 23.6625 ms (enqueue 0.6125 ms)
[02/23/2026-22:42:42] [I] Average on 10 runs - GPU latency: 23.025 ms - Host latency: 23.1125 ms (enqueue 0.7125 ms)
[02/23/2026-22:42:42] [I] Average on 10 runs - GPU latency: 23.65 ms - Host latency: 23.725 ms (enqueue 0.6125 ms)
[02/23/2026-22:42:42] [I] Average on 10 runs - GPU latency: 23.525 ms - Host latency: 23.575 ms (enqueue 0.725 ms)
[02/23/2026-22:42:42] [I] Average on 10 runs - GPU latency: 23.475 ms - Host latency: 23.55 ms (enqueue 0.65 ms)
[02/23/2026-22:42:42] [I] Average on 10 runs - GPU latency: 23.2875 ms - Host latency: 23.3625 ms (enqueue 0.5875 ms)
[02/23/2026-22:42:42] [I] Average on 10 runs - GPU latency: 23.175 ms - Host latency: 23.275 ms (enqueue 0.575 ms)
[02/23/2026-22:42:42] [I] Average on 10 runs - GPU latency: 23.425 ms - Host latency: 23.5375 ms (enqueue 0.6375 ms)
[02/23/2026-22:42:42] [I] Average on 10 runs - GPU latency: 23.6125 ms - Host latency: 23.7125 ms (enqueue 0.7125 ms)
[02/23/2026-22:42:42] [I] Average on 10 runs - GPU latency: 23.575 ms - Host latency: 23.6875 ms (enqueue 0.6875 ms)
[02/23/2026-22:42:42] [I] Average on 10 runs - GPU latency: 23.4375 ms - Host latency: 23.5125 ms (enqueue 0.625 ms)
[02/23/2026-22:42:42] [I] Average on 10 runs - GPU latency: 23.5375 ms - Host latency: 23.625 ms (enqueue 0.6625 ms)
[02/23/2026-22:42:42] [I] Average on 10 runs - GPU latency: 23.5875 ms - Host latency: 23.6625 ms (enqueue 0.675 ms)
[02/23/2026-22:42:42] [I] Average on 10 runs - GPU latency: 23.35 ms - Host latency: 23.45 ms (enqueue 0.675 ms)
[02/23/2026-22:42:42] [I] Average on 10 runs - GPU latency: 23.325 ms - Host latency: 23.4625 ms (enqueue 0.5875 ms)
[02/23/2026-22:42:42] [I] Average on 10 runs - GPU latency: 23.6375 ms - Host latency: 23.725 ms (enqueue 0.5875 ms)
[02/23/2026-22:42:42] [I] Average on 10 runs - GPU latency: 23.8125 ms - Host latency: 23.875 ms (enqueue 0.6 ms)
[02/23/2026-22:42:42] [I] Average on 10 runs - GPU latency: 23.6875 ms - Host latency: 23.8125 ms (enqueue 0.7375 ms)
[02/23/2026-22:42:42] [I] Average on 10 runs - GPU latency: 23.5375 ms - Host latency: 23.6125 ms (enqueue 0.675 ms)
[02/23/2026-22:42:42] [I] Average on 10 runs - GPU latency: 23.5625 ms - Host latency: 23.6375 ms (enqueue 0.5875 ms)
[02/23/2026-22:42:42] [I] Average on 10 runs - GPU latency: 23.6375 ms - Host latency: 23.725 ms (enqueue 0.5875 ms)
[02/23/2026-22:42:42] [I] Average on 10 runs - GPU latency: 23.7375 ms - Host latency: 23.7875 ms (enqueue 0.6 ms)
[02/23/2026-22:42:42] [I] Average on 10 runs - GPU latency: 23.45 ms - Host latency: 23.5375 ms (enqueue 0.7125 ms)
[02/23/2026-22:42:42] [I] Average on 10 runs - GPU latency: 23.675 ms - Host latency: 23.775 ms (enqueue 0.6 ms)
[02/23/2026-22:42:42] [I] Average on 10 runs - GPU latency: 23.5125 ms - Host latency: 23.625 ms (enqueue 0.6125 ms)
[02/23/2026-22:42:42] [I] Average on 10 runs - GPU latency: 23.5125 ms - Host latency: 23.65 ms (enqueue 0.5875 ms)
[02/23/2026-22:42:42] [I] Average on 10 runs - GPU latency: 23.4875 ms - Host latency: 23.5625 ms (enqueue 0.7375 ms)
[02/23/2026-22:42:42] [I] Average on 10 runs - GPU latency: 23.2625 ms - Host latency: 23.3875 ms (enqueue 0.6 ms)
[02/23/2026-22:42:42] [I] Average on 10 runs - GPU latency: 23.175 ms - Host latency: 23.2375 ms (enqueue 0.625 ms)
[02/23/2026-22:42:42] [I] Average on 10 runs - GPU latency: 23.25 ms - Host latency: 23.3625 ms (enqueue 0.5875 ms)
[02/23/2026-22:42:42] [I] Average on 10 runs - GPU latency: 23.65 ms - Host latency: 23.7625 ms (enqueue 0.6375 ms)
[02/23/2026-22:42:42] [I] Average on 10 runs - GPU latency: 23.65 ms - Host latency: 23.75 ms (enqueue 0.7125 ms)
[02/23/2026-22:42:42] [I] Average on 10 runs - GPU latency: 23.55 ms - Host latency: 23.6625 ms (enqueue 0.625 ms)
[02/23/2026-22:42:42] [I] Average on 10 runs - GPU latency: 23.725 ms - Host latency: 23.8 ms (enqueue 0.6375 ms)
[02/23/2026-22:42:42] [I] Average on 10 runs - GPU latency: 23.6125 ms - Host latency: 23.675 ms (enqueue 0.6875 ms)
[02/23/2026-22:42:42] [I] Average on 10 runs - GPU latency: 23.6875 ms - Host latency: 23.7625 ms (enqueue 0.65 ms)
[02/23/2026-22:42:42] [I] Average on 10 runs - GPU latency: 23.2375 ms - Host latency: 23.3 ms (enqueue 0.675 ms)
[02/23/2026-22:42:42] [I] Average on 10 runs - GPU latency: 23.3625 ms - Host latency: 23.5 ms (enqueue 0.6125 ms)
[02/23/2026-22:42:42] [I] Average on 10 runs - GPU latency: 23.4125 ms - Host latency: 23.475 ms (enqueue 0.6125 ms)
[02/23/2026-22:42:42] [I] Average on 10 runs - GPU latency: 23.375 ms - Host latency: 23.4875 ms (enqueue 0.575 ms)
[02/23/2026-22:42:42] [I] Average on 10 runs - GPU latency: 23.5 ms - Host latency: 23.6375 ms (enqueue 0.65 ms)
[02/23/2026-22:42:42] [I] Average on 10 runs - GPU latency: 23.6625 ms - Host latency: 23.7375 ms (enqueue 0.675 ms)
[02/23/2026-22:42:42] [I] Average on 10 runs - GPU latency: 23.3375 ms - Host latency: 23.3875 ms (enqueue 0.675 ms)
[02/23/2026-22:42:42] [I] Average on 10 runs - GPU latency: 23.1 ms - Host latency: 23.175 ms (enqueue 0.6125 ms)
[02/23/2026-22:42:42] [I] Average on 10 runs - GPU latency: 23.45 ms - Host latency: 23.5125 ms (enqueue 0.65 ms)
[02/23/2026-22:42:42] [I] Average on 10 runs - GPU latency: 23.475 ms - Host latency: 23.55 ms (enqueue 0.725 ms)
[02/23/2026-22:42:42] [I] Average on 10 runs - GPU latency: 23.4 ms - Host latency: 23.475 ms (enqueue 0.625 ms)
[02/23/2026-22:42:42] [I] Average on 10 runs - GPU latency: 23.4375 ms - Host latency: 23.55 ms (enqueue 0.575 ms)
[02/23/2026-22:42:42] [I] Average on 10 runs - GPU latency: 23.4375 ms - Host latency: 23.4875 ms (enqueue 0.5875 ms)
[02/23/2026-22:42:42] [I] Average on 10 runs - GPU latency: 23.45 ms - Host latency: 23.5125 ms (enqueue 0.6875 ms)
[02/23/2026-22:42:42] [I] Average on 10 runs - GPU latency: 23.4375 ms - Host latency: 23.4875 ms (enqueue 0.7125 ms)
[02/23/2026-22:42:42] [I] Average on 10 runs - GPU latency: 23.4625 ms - Host latency: 23.55 ms (enqueue 0.6625 ms)
[02/23/2026-22:42:42] [I] Average on 10 runs - GPU latency: 20.75 ms - Host latency: 20.825 ms (enqueue 0.6375 ms)
[02/23/2026-22:42:43] [I] 
[02/23/2026-22:42:43] [I] === Performance summary ===
[02/23/2026-22:42:43] [I] Throughput: 343.226 qps
[02/23/2026-22:42:43] [I] Latency: min = 13.125 ms, max = 24.875 ms, mean = 23.3878 ms, median = 23.4062 ms, percentile(90%) = 23.875 ms, percentile(95%) = 24 ms, percentile(99%) = 24.2188 ms
[02/23/2026-22:42:43] [I] Enqueue Time: min = 0.375 ms, max = 2 ms, mean = 0.611125 ms, median = 0.609375 ms, percentile(90%) = 0.6875 ms, percentile(95%) = 0.75 ms, percentile(99%) = 0.875 ms
[02/23/2026-22:42:43] [I] H2D Latency: min = 0 ms, max = 0.5 ms, mean = 0.0723227 ms, median = 0.0625 ms, percentile(90%) = 0.125 ms, percentile(95%) = 0.125 ms, percentile(99%) = 0.125 ms
[02/23/2026-22:42:43] [I] GPU Compute Time: min = 13.125 ms, max = 24.6875 ms, mean = 23.3181 ms, median = 23.3125 ms, percentile(90%) = 23.7812 ms, percentile(95%) = 23.8984 ms, percentile(99%) = 24.125 ms
[02/23/2026-22:42:43] [I] D2H Latency: min = 0 ms, max = 0.125 ms, mean = 0.0117063 ms, median = 0 ms, percentile(90%) = 0.03125 ms, percentile(95%) = 0.0625 ms, percentile(99%) = 0.125 ms
[02/23/2026-22:42:43] [I] Total Host Walltime: 1200.05 s
[02/23/2026-22:42:43] [I] Total GPU Compute Time: 9604.46 s
[02/23/2026-22:42:43] [W] * GPU compute time is unstable, with coefficient of variance = 1.6856%.
[02/23/2026-22:42:43] [W]   If not already in use, locking GPU clock frequency or adding --useSpinWait may improve the stability.
[02/23/2026-22:42:43] [W] * Multiple inference streams are used. Latencies may not be accurate since inferences may run in   parallel. Please use "Throughput" as the performance metric instead.
[02/23/2026-22:42:43] [I] Explanations of the performance metrics are printed in the verbose logs.
[02/23/2026-22:42:43] [I] 
&&&& PASSED TensorRT.trtexec [TensorRT v100300] # trtexec --loadEngine=/home/yuanyang/models/resnet50_fp16.engine --warmUp=200 --duration=1200 --useSpinWait --streams=8
